:4096:8
42
:4096:8
42
:4096:8
42
:4096:8
42
:4096:8
42
:4096:8
42
:4096:8
42
:4096:8
42
['alpro_video_eval', 'alpro_video_train', 'beats_audio', 'blip2_image_train', 'blip_caption', 'blip_diffusion_inp_image_eval', 'blip_diffusion_inp_image_train', 'blip_diffusion_tgt_image_train', 'blip_image_eval', 'blip_image_train', 'blip_instruction', 'blip_question', 'clip_image_eval', 'clip_image_train', 'gpt_dialogue', 'gpt_video_ft', 'ulip_pc']
['alpro_video_eval', 'alpro_video_train', 'beats_audio', 'blip2_image_train', 'blip_caption', 'blip_diffusion_inp_image_eval', 'blip_diffusion_inp_image_train', 'blip_diffusion_tgt_image_train', 'blip_image_eval', 'blip_image_train', 'blip_instruction', 'blip_question', 'clip_image_eval', 'clip_image_train', 'gpt_dialogue', 'gpt_video_ft', 'ulip_pc']
Using downloaded and verified file: /coc/pskynet4/bmaneech3/vlm_robustness/tmp/datasets/vqavs/train/combined_data.json
Using downloaded and verified file: /coc/pskynet4/bmaneech3/vlm_robustness/tmp/datasets/vqavs/train/combined_data.json
Using downloaded and verified file: /coc/pskynet4/bmaneech3/vlm_robustness/tmp/datasets/vqavs/val/combined_data.json
Using downloaded and verified file: /coc/pskynet4/bmaneech3/vlm_robustness/tmp/datasets/vqavs/val/combined_data.json
Using downloaded and verified file: /coc/pskynet6/chuang475/.cache/lavis/coco/annotations/answer_list.json
Using downloaded and verified file: /coc/pskynet6/chuang475/.cache/lavis/coco/annotations/answer_list.json
Using downloaded and verified file: /coc/pskynet4/bmaneech3/vlm_robustness/tmp/datasets/vqavs/val/val_questions.json
Using downloaded and verified file: /coc/pskynet4/bmaneech3/vlm_robustness/tmp/datasets/vqavs/val/val_questions.json
Using downloaded and verified file: /coc/pskynet4/bmaneech3/vlm_robustness/tmp/datasets/vqavs/val/val_annotations.json
Using downloaded and verified file: /coc/pskynet4/bmaneech3/vlm_robustness/tmp/datasets/vqavs/val/val_annotations.json
Using downloaded and verified file: /coc/pskynet4/bmaneech3/vlm_robustness/tmp/datasets/vqavs/test/combined_data.json
Using downloaded and verified file: /coc/pskynet4/bmaneech3/vlm_robustness/tmp/datasets/vqavs/test/combined_data.json
Using downloaded and verified file: /coc/pskynet6/chuang475/.cache/lavis/coco/annotations/answer_list.json
Using downloaded and verified file: /coc/pskynet6/chuang475/.cache/lavis/coco/annotations/answer_list.json
Using downloaded and verified file: /coc/pskynet4/bmaneech3/vlm_robustness/tmp/datasets/vqavs/test/test_questions.json
Using downloaded and verified file: /coc/pskynet4/bmaneech3/vlm_robustness/tmp/datasets/vqavs/test/test_questions.json
Using downloaded and verified file: /coc/pskynet4/bmaneech3/vlm_robustness/tmp/datasets/vqavs/test/test_annotations.json
Using downloaded and verified file: /coc/pskynet4/bmaneech3/vlm_robustness/tmp/datasets/vqavs/test/test_annotations.json
Using downloaded and verified file: /coc/pskynet4/bmaneech3/vlm_robustness/tmp/datasets/vqavs/test/OOD-Test/KO/combined_data.json
Using downloaded and verified file: /coc/pskynet4/bmaneech3/vlm_robustness/tmp/datasets/vqavs/test/OOD-Test/KO/combined_data.json
Using downloaded and verified file: /coc/pskynet6/chuang475/.cache/lavis/coco/annotations/answer_list.json
Using downloaded and verified file: /coc/pskynet6/chuang475/.cache/lavis/coco/annotations/answer_list.json
Using downloaded and verified file: /coc/pskynet4/bmaneech3/vlm_robustness/tmp/datasets/vqavs/test/OOD-Test/KO/test_questions.json
Using downloaded and verified file: /coc/pskynet4/bmaneech3/vlm_robustness/tmp/datasets/vqavs/test/OOD-Test/KO/test_questions.json
Using downloaded and verified file: /coc/pskynet4/bmaneech3/vlm_robustness/tmp/datasets/vqavs/test/OOD-Test/KO/test_annotations.json
Using downloaded and verified file: /coc/pskynet4/bmaneech3/vlm_robustness/tmp/datasets/vqavs/test/OOD-Test/KO/test_annotations.json
Using downloaded and verified file: /coc/pskynet4/bmaneech3/vlm_robustness/tmp/datasets/vqavs/test/OOD-Test/KOP/combined_data.json
Using downloaded and verified file: /coc/pskynet4/bmaneech3/vlm_robustness/tmp/datasets/vqavs/test/OOD-Test/KOP/combined_data.json
Using downloaded and verified file: /coc/pskynet6/chuang475/.cache/lavis/coco/annotations/answer_list.json
Using downloaded and verified file: /coc/pskynet6/chuang475/.cache/lavis/coco/annotations/answer_list.json
Using downloaded and verified file: /coc/pskynet4/bmaneech3/vlm_robustness/tmp/datasets/vqavs/test/OOD-Test/KOP/test_questions.json
Using downloaded and verified file: /coc/pskynet4/bmaneech3/vlm_robustness/tmp/datasets/vqavs/test/OOD-Test/KOP/test_questions.json
Using downloaded and verified file: /coc/pskynet4/bmaneech3/vlm_robustness/tmp/datasets/vqavs/test/OOD-Test/KOP/test_annotations.json
Using downloaded and verified file: /coc/pskynet4/bmaneech3/vlm_robustness/tmp/datasets/vqavs/test/OOD-Test/KOP/test_annotations.json
Using downloaded and verified file: /coc/pskynet4/bmaneech3/vlm_robustness/tmp/datasets/vqavs/test/OOD-Test/KW/combined_data.json
Using downloaded and verified file: /coc/pskynet4/bmaneech3/vlm_robustness/tmp/datasets/vqavs/test/OOD-Test/KW/combined_data.json
Using downloaded and verified file: /coc/pskynet6/chuang475/.cache/lavis/coco/annotations/answer_list.json
Using downloaded and verified file: /coc/pskynet6/chuang475/.cache/lavis/coco/annotations/answer_list.json
Using downloaded and verified file: /coc/pskynet4/bmaneech3/vlm_robustness/tmp/datasets/vqavs/test/OOD-Test/KW/test_questions.json
Using downloaded and verified file: /coc/pskynet4/bmaneech3/vlm_robustness/tmp/datasets/vqavs/test/OOD-Test/KW/test_questions.json
Using downloaded and verified file: /coc/pskynet4/bmaneech3/vlm_robustness/tmp/datasets/vqavs/test/OOD-Test/KW/test_annotations.json
Using downloaded and verified file: /coc/pskynet4/bmaneech3/vlm_robustness/tmp/datasets/vqavs/test/OOD-Test/KW/test_annotations.json
Using downloaded and verified file: /coc/pskynet4/bmaneech3/vlm_robustness/tmp/datasets/vqavs/test/OOD-Test/KW+KO/combined_data.json
Using downloaded and verified file: /coc/pskynet4/bmaneech3/vlm_robustness/tmp/datasets/vqavs/test/OOD-Test/KW+KO/combined_data.json
Using downloaded and verified file: /coc/pskynet6/chuang475/.cache/lavis/coco/annotations/answer_list.json
Using downloaded and verified file: /coc/pskynet6/chuang475/.cache/lavis/coco/annotations/answer_list.json
Using downloaded and verified file: /coc/pskynet4/bmaneech3/vlm_robustness/tmp/datasets/vqavs/test/OOD-Test/KW+KO/test_questions.json
Using downloaded and verified file: /coc/pskynet4/bmaneech3/vlm_robustness/tmp/datasets/vqavs/test/OOD-Test/KW+KO/test_questions.json
Using downloaded and verified file: /coc/pskynet4/bmaneech3/vlm_robustness/tmp/datasets/vqavs/test/OOD-Test/KW+KO/test_annotations.json
Using downloaded and verified file: /coc/pskynet4/bmaneech3/vlm_robustness/tmp/datasets/vqavs/test/OOD-Test/KW+KO/test_annotations.json
Using downloaded and verified file: /coc/pskynet4/bmaneech3/vlm_robustness/tmp/datasets/vqavs/test/OOD-Test/KWP/combined_data.json
Using downloaded and verified file: /coc/pskynet4/bmaneech3/vlm_robustness/tmp/datasets/vqavs/test/OOD-Test/KWP/combined_data.json
Using downloaded and verified file: /coc/pskynet6/chuang475/.cache/lavis/coco/annotations/answer_list.json
Using downloaded and verified file: /coc/pskynet6/chuang475/.cache/lavis/coco/annotations/answer_list.json
Using downloaded and verified file: /coc/pskynet4/bmaneech3/vlm_robustness/tmp/datasets/vqavs/test/OOD-Test/KWP/test_questions.json
Using downloaded and verified file: /coc/pskynet4/bmaneech3/vlm_robustness/tmp/datasets/vqavs/test/OOD-Test/KWP/test_questions.json
Using downloaded and verified file: /coc/pskynet4/bmaneech3/vlm_robustness/tmp/datasets/vqavs/test/OOD-Test/KWP/test_annotations.json
Using downloaded and verified file: /coc/pskynet4/bmaneech3/vlm_robustness/tmp/datasets/vqavs/test/OOD-Test/KWP/test_annotations.json
Using downloaded and verified file: /coc/pskynet4/bmaneech3/vlm_robustness/tmp/datasets/vqavs/test/OOD-Test/QT/combined_data.json
Using downloaded and verified file: /coc/pskynet6/chuang475/.cache/lavis/coco/annotations/answer_list.json
Using downloaded and verified file: /coc/pskynet4/bmaneech3/vlm_robustness/tmp/datasets/vqavs/test/OOD-Test/QT/combined_data.json
Using downloaded and verified file: /coc/pskynet6/chuang475/.cache/lavis/coco/annotations/answer_list.json
Using downloaded and verified file: /coc/pskynet4/bmaneech3/vlm_robustness/tmp/datasets/vqavs/test/OOD-Test/QT/test_questions.json
Using downloaded and verified file: /coc/pskynet4/bmaneech3/vlm_robustness/tmp/datasets/vqavs/test/OOD-Test/QT/test_questions.json
Using downloaded and verified file: /coc/pskynet4/bmaneech3/vlm_robustness/tmp/datasets/vqavs/test/OOD-Test/QT/test_annotations.json
Using downloaded and verified file: /coc/pskynet4/bmaneech3/vlm_robustness/tmp/datasets/vqavs/test/OOD-Test/QT/test_annotations.json
Using downloaded and verified file: /coc/pskynet4/bmaneech3/vlm_robustness/tmp/datasets/vqavs/test/OOD-Test/QT+KO/combined_data.json
Using downloaded and verified file: /coc/pskynet4/bmaneech3/vlm_robustness/tmp/datasets/vqavs/test/OOD-Test/QT+KO/combined_data.json
Using downloaded and verified file: /coc/pskynet6/chuang475/.cache/lavis/coco/annotations/answer_list.json
Using downloaded and verified file: /coc/pskynet6/chuang475/.cache/lavis/coco/annotations/answer_list.json
Using downloaded and verified file: /coc/pskynet4/bmaneech3/vlm_robustness/tmp/datasets/vqavs/test/OOD-Test/QT+KO/test_questions.json
Using downloaded and verified file: /coc/pskynet4/bmaneech3/vlm_robustness/tmp/datasets/vqavs/test/OOD-Test/QT+KO/test_questions.json
Using downloaded and verified file: /coc/pskynet4/bmaneech3/vlm_robustness/tmp/datasets/vqavs/test/OOD-Test/QT+KO/test_annotations.json
Using downloaded and verified file: /coc/pskynet4/bmaneech3/vlm_robustness/tmp/datasets/vqavs/test/OOD-Test/QT+KO/test_annotations.json
Using downloaded and verified file: /coc/pskynet4/bmaneech3/vlm_robustness/tmp/datasets/vqavs/test/OOD-Test/QT+KW/combined_data.json
Using downloaded and verified file: /coc/pskynet6/chuang475/.cache/lavis/coco/annotations/answer_list.jsonUsing downloaded and verified file: /coc/pskynet4/bmaneech3/vlm_robustness/tmp/datasets/vqavs/test/OOD-Test/QT+KW/combined_data.json

Using downloaded and verified file: /coc/pskynet6/chuang475/.cache/lavis/coco/annotations/answer_list.json
Using downloaded and verified file: /coc/pskynet4/bmaneech3/vlm_robustness/tmp/datasets/vqavs/test/OOD-Test/QT+KW/test_questions.json
Using downloaded and verified file: /coc/pskynet4/bmaneech3/vlm_robustness/tmp/datasets/vqavs/test/OOD-Test/QT+KW/test_questions.json
Using downloaded and verified file: /coc/pskynet4/bmaneech3/vlm_robustness/tmp/datasets/vqavs/test/OOD-Test/QT+KW/test_annotations.json
Using downloaded and verified file: /coc/pskynet4/bmaneech3/vlm_robustness/tmp/datasets/vqavs/test/OOD-Test/QT+KW/test_annotations.json
Using downloaded and verified file: /coc/pskynet4/bmaneech3/vlm_robustness/tmp/datasets/vqavs/test/OOD-Test/QT+KW+KO/combined_data.json
Using downloaded and verified file: /coc/pskynet6/chuang475/.cache/lavis/coco/annotations/answer_list.json
Using downloaded and verified file: /coc/pskynet4/bmaneech3/vlm_robustness/tmp/datasets/vqavs/test/OOD-Test/QT+KW+KO/combined_data.json
Using downloaded and verified file: /coc/pskynet6/chuang475/.cache/lavis/coco/annotations/answer_list.json
Using downloaded and verified file: /coc/pskynet4/bmaneech3/vlm_robustness/tmp/datasets/vqavs/test/OOD-Test/QT+KW+KO/test_questions.json
Using downloaded and verified file: /coc/pskynet4/bmaneech3/vlm_robustness/tmp/datasets/vqavs/test/OOD-Test/QT+KW+KO/test_questions.json
Using downloaded and verified file: /coc/pskynet4/bmaneech3/vlm_robustness/tmp/datasets/vqavs/test/OOD-Test/QT+KW+KO/test_annotations.json
Using downloaded and verified file: /coc/pskynet4/bmaneech3/vlm_robustness/tmp/datasets/vqavs/test/OOD-Test/QT+KW+KO/test_annotations.json
['alpro_video_eval', 'alpro_video_train', 'beats_audio', 'blip2_image_train', 'blip_caption', 'blip_diffusion_inp_image_eval', 'blip_diffusion_inp_image_train', 'blip_diffusion_tgt_image_train', 'blip_image_eval', 'blip_image_train', 'blip_instruction', 'blip_question', 'clip_image_eval', 'clip_image_train', 'gpt_dialogue', 'gpt_video_ft', 'ulip_pc']
Using downloaded and verified file: /coc/pskynet4/bmaneech3/vlm_robustness/tmp/datasets/vqavs/train/combined_data.json
Using downloaded and verified file: /coc/pskynet4/bmaneech3/vlm_robustness/tmp/datasets/vqavs/val/combined_data.json
Using downloaded and verified file: /coc/pskynet6/chuang475/.cache/lavis/coco/annotations/answer_list.json
Using downloaded and verified file: /coc/pskynet4/bmaneech3/vlm_robustness/tmp/datasets/vqavs/val/val_questions.json
Using downloaded and verified file: /coc/pskynet4/bmaneech3/vlm_robustness/tmp/datasets/vqavs/val/val_annotations.json
Using downloaded and verified file: /coc/pskynet4/bmaneech3/vlm_robustness/tmp/datasets/vqavs/test/combined_data.json
Using downloaded and verified file: /coc/pskynet6/chuang475/.cache/lavis/coco/annotations/answer_list.json
Using downloaded and verified file: /coc/pskynet4/bmaneech3/vlm_robustness/tmp/datasets/vqavs/test/test_questions.json
Using downloaded and verified file: /coc/pskynet4/bmaneech3/vlm_robustness/tmp/datasets/vqavs/test/test_annotations.json
Using downloaded and verified file: /coc/pskynet4/bmaneech3/vlm_robustness/tmp/datasets/vqavs/test/OOD-Test/KO/combined_data.json
Using downloaded and verified file: /coc/pskynet6/chuang475/.cache/lavis/coco/annotations/answer_list.json
Using downloaded and verified file: /coc/pskynet4/bmaneech3/vlm_robustness/tmp/datasets/vqavs/test/OOD-Test/KO/test_questions.json
Using downloaded and verified file: /coc/pskynet4/bmaneech3/vlm_robustness/tmp/datasets/vqavs/test/OOD-Test/KO/test_annotations.json
Using downloaded and verified file: /coc/pskynet4/bmaneech3/vlm_robustness/tmp/datasets/vqavs/test/OOD-Test/KOP/combined_data.json
Using downloaded and verified file: /coc/pskynet6/chuang475/.cache/lavis/coco/annotations/answer_list.json
Using downloaded and verified file: /coc/pskynet4/bmaneech3/vlm_robustness/tmp/datasets/vqavs/test/OOD-Test/KOP/test_questions.json
Using downloaded and verified file: /coc/pskynet4/bmaneech3/vlm_robustness/tmp/datasets/vqavs/test/OOD-Test/KOP/test_annotations.json
Using downloaded and verified file: /coc/pskynet4/bmaneech3/vlm_robustness/tmp/datasets/vqavs/test/OOD-Test/KW/combined_data.json
Using downloaded and verified file: /coc/pskynet6/chuang475/.cache/lavis/coco/annotations/answer_list.json
Using downloaded and verified file: /coc/pskynet4/bmaneech3/vlm_robustness/tmp/datasets/vqavs/test/OOD-Test/KW/test_questions.json
Using downloaded and verified file: /coc/pskynet4/bmaneech3/vlm_robustness/tmp/datasets/vqavs/test/OOD-Test/KW/test_annotations.json
Using downloaded and verified file: /coc/pskynet4/bmaneech3/vlm_robustness/tmp/datasets/vqavs/test/OOD-Test/KW+KO/combined_data.json
Using downloaded and verified file: /coc/pskynet6/chuang475/.cache/lavis/coco/annotations/answer_list.json
Using downloaded and verified file: /coc/pskynet4/bmaneech3/vlm_robustness/tmp/datasets/vqavs/test/OOD-Test/KW+KO/test_questions.json
Using downloaded and verified file: /coc/pskynet4/bmaneech3/vlm_robustness/tmp/datasets/vqavs/test/OOD-Test/KW+KO/test_annotations.json
Using downloaded and verified file: /coc/pskynet4/bmaneech3/vlm_robustness/tmp/datasets/vqavs/test/OOD-Test/KWP/combined_data.json
Using downloaded and verified file: /coc/pskynet6/chuang475/.cache/lavis/coco/annotations/answer_list.json
Using downloaded and verified file: /coc/pskynet4/bmaneech3/vlm_robustness/tmp/datasets/vqavs/test/OOD-Test/KWP/test_questions.json
Using downloaded and verified file: /coc/pskynet4/bmaneech3/vlm_robustness/tmp/datasets/vqavs/test/OOD-Test/KWP/test_annotations.json
Using downloaded and verified file: /coc/pskynet4/bmaneech3/vlm_robustness/tmp/datasets/vqavs/test/OOD-Test/QT/combined_data.json
Using downloaded and verified file: /coc/pskynet6/chuang475/.cache/lavis/coco/annotations/answer_list.json
Using downloaded and verified file: /coc/pskynet4/bmaneech3/vlm_robustness/tmp/datasets/vqavs/test/OOD-Test/QT/test_questions.json
Using downloaded and verified file: /coc/pskynet4/bmaneech3/vlm_robustness/tmp/datasets/vqavs/test/OOD-Test/QT/test_annotations.json
Using downloaded and verified file: /coc/pskynet4/bmaneech3/vlm_robustness/tmp/datasets/vqavs/test/OOD-Test/QT+KO/combined_data.json
Using downloaded and verified file: /coc/pskynet6/chuang475/.cache/lavis/coco/annotations/answer_list.json
Using downloaded and verified file: /coc/pskynet4/bmaneech3/vlm_robustness/tmp/datasets/vqavs/test/OOD-Test/QT+KO/test_questions.json
Using downloaded and verified file: /coc/pskynet4/bmaneech3/vlm_robustness/tmp/datasets/vqavs/test/OOD-Test/QT+KO/test_annotations.json
Using downloaded and verified file: /coc/pskynet4/bmaneech3/vlm_robustness/tmp/datasets/vqavs/test/OOD-Test/QT+KW/combined_data.json
Using downloaded and verified file: /coc/pskynet6/chuang475/.cache/lavis/coco/annotations/answer_list.json
Using downloaded and verified file: /coc/pskynet4/bmaneech3/vlm_robustness/tmp/datasets/vqavs/test/OOD-Test/QT+KW/test_questions.json
Using downloaded and verified file: /coc/pskynet4/bmaneech3/vlm_robustness/tmp/datasets/vqavs/test/OOD-Test/QT+KW/test_annotations.json
Using downloaded and verified file: /coc/pskynet4/bmaneech3/vlm_robustness/tmp/datasets/vqavs/test/OOD-Test/QT+KW+KO/combined_data.json
Using downloaded and verified file: /coc/pskynet6/chuang475/.cache/lavis/coco/annotations/answer_list.json
Using downloaded and verified file: /coc/pskynet4/bmaneech3/vlm_robustness/tmp/datasets/vqavs/test/OOD-Test/QT+KW+KO/test_questions.json
Using downloaded and verified file: /coc/pskynet4/bmaneech3/vlm_robustness/tmp/datasets/vqavs/test/OOD-Test/QT+KW+KO/test_annotations.json
['alpro_video_eval', 'alpro_video_train', 'beats_audio', 'blip2_image_train', 'blip_caption', 'blip_diffusion_inp_image_eval', 'blip_diffusion_inp_image_train', 'blip_diffusion_tgt_image_train', 'blip_image_eval', 'blip_image_train', 'blip_instruction', 'blip_question', 'clip_image_eval', 'clip_image_train', 'gpt_dialogue', 'gpt_video_ft', 'ulip_pc']
Using downloaded and verified file: /coc/pskynet4/bmaneech3/vlm_robustness/tmp/datasets/vqavs/train/combined_data.json
Using downloaded and verified file: /coc/pskynet4/bmaneech3/vlm_robustness/tmp/datasets/vqavs/val/combined_data.json
Using downloaded and verified file: /coc/pskynet6/chuang475/.cache/lavis/coco/annotations/answer_list.json
Using downloaded and verified file: /coc/pskynet4/bmaneech3/vlm_robustness/tmp/datasets/vqavs/val/val_questions.json
Using downloaded and verified file: /coc/pskynet4/bmaneech3/vlm_robustness/tmp/datasets/vqavs/val/val_annotations.json
Using downloaded and verified file: /coc/pskynet4/bmaneech3/vlm_robustness/tmp/datasets/vqavs/test/combined_data.json
Using downloaded and verified file: /coc/pskynet6/chuang475/.cache/lavis/coco/annotations/answer_list.json
Using downloaded and verified file: /coc/pskynet4/bmaneech3/vlm_robustness/tmp/datasets/vqavs/test/test_questions.json
Using downloaded and verified file: /coc/pskynet4/bmaneech3/vlm_robustness/tmp/datasets/vqavs/test/test_annotations.json
Using downloaded and verified file: /coc/pskynet4/bmaneech3/vlm_robustness/tmp/datasets/vqavs/test/OOD-Test/KO/combined_data.json
Using downloaded and verified file: /coc/pskynet6/chuang475/.cache/lavis/coco/annotations/answer_list.json
Using downloaded and verified file: /coc/pskynet4/bmaneech3/vlm_robustness/tmp/datasets/vqavs/test/OOD-Test/KO/test_questions.json
Using downloaded and verified file: /coc/pskynet4/bmaneech3/vlm_robustness/tmp/datasets/vqavs/test/OOD-Test/KO/test_annotations.json
Using downloaded and verified file: /coc/pskynet4/bmaneech3/vlm_robustness/tmp/datasets/vqavs/test/OOD-Test/KOP/combined_data.json
Using downloaded and verified file: /coc/pskynet6/chuang475/.cache/lavis/coco/annotations/answer_list.json
Using downloaded and verified file: /coc/pskynet4/bmaneech3/vlm_robustness/tmp/datasets/vqavs/test/OOD-Test/KOP/test_questions.json
Using downloaded and verified file: /coc/pskynet4/bmaneech3/vlm_robustness/tmp/datasets/vqavs/test/OOD-Test/KOP/test_annotations.json
Using downloaded and verified file: /coc/pskynet4/bmaneech3/vlm_robustness/tmp/datasets/vqavs/test/OOD-Test/KW/combined_data.json
Using downloaded and verified file: /coc/pskynet6/chuang475/.cache/lavis/coco/annotations/answer_list.json
Using downloaded and verified file: /coc/pskynet4/bmaneech3/vlm_robustness/tmp/datasets/vqavs/test/OOD-Test/KW/test_questions.json
Using downloaded and verified file: /coc/pskynet4/bmaneech3/vlm_robustness/tmp/datasets/vqavs/test/OOD-Test/KW/test_annotations.json
Using downloaded and verified file: /coc/pskynet4/bmaneech3/vlm_robustness/tmp/datasets/vqavs/test/OOD-Test/KW+KO/combined_data.json
Using downloaded and verified file: /coc/pskynet6/chuang475/.cache/lavis/coco/annotations/answer_list.json
Using downloaded and verified file: /coc/pskynet4/bmaneech3/vlm_robustness/tmp/datasets/vqavs/test/OOD-Test/KW+KO/test_questions.json
Using downloaded and verified file: /coc/pskynet4/bmaneech3/vlm_robustness/tmp/datasets/vqavs/test/OOD-Test/KW+KO/test_annotations.json
Using downloaded and verified file: /coc/pskynet4/bmaneech3/vlm_robustness/tmp/datasets/vqavs/test/OOD-Test/KWP/combined_data.json
Using downloaded and verified file: /coc/pskynet6/chuang475/.cache/lavis/coco/annotations/answer_list.json
Using downloaded and verified file: /coc/pskynet4/bmaneech3/vlm_robustness/tmp/datasets/vqavs/test/OOD-Test/KWP/test_questions.json
Using downloaded and verified file: /coc/pskynet4/bmaneech3/vlm_robustness/tmp/datasets/vqavs/test/OOD-Test/KWP/test_annotations.json
Using downloaded and verified file: /coc/pskynet4/bmaneech3/vlm_robustness/tmp/datasets/vqavs/test/OOD-Test/QT/combined_data.json
Using downloaded and verified file: /coc/pskynet6/chuang475/.cache/lavis/coco/annotations/answer_list.json
Using downloaded and verified file: /coc/pskynet4/bmaneech3/vlm_robustness/tmp/datasets/vqavs/test/OOD-Test/QT/test_questions.json
Using downloaded and verified file: /coc/pskynet4/bmaneech3/vlm_robustness/tmp/datasets/vqavs/test/OOD-Test/QT/test_annotations.json
Using downloaded and verified file: /coc/pskynet4/bmaneech3/vlm_robustness/tmp/datasets/vqavs/test/OOD-Test/QT+KO/combined_data.json
Using downloaded and verified file: /coc/pskynet6/chuang475/.cache/lavis/coco/annotations/answer_list.json
Using downloaded and verified file: /coc/pskynet4/bmaneech3/vlm_robustness/tmp/datasets/vqavs/test/OOD-Test/QT+KO/test_questions.json
Using downloaded and verified file: /coc/pskynet4/bmaneech3/vlm_robustness/tmp/datasets/vqavs/test/OOD-Test/QT+KO/test_annotations.json
Using downloaded and verified file: /coc/pskynet4/bmaneech3/vlm_robustness/tmp/datasets/vqavs/test/OOD-Test/QT+KW/combined_data.json
Using downloaded and verified file: /coc/pskynet6/chuang475/.cache/lavis/coco/annotations/answer_list.json
Using downloaded and verified file: /coc/pskynet4/bmaneech3/vlm_robustness/tmp/datasets/vqavs/test/OOD-Test/QT+KW/test_questions.json
Using downloaded and verified file: /coc/pskynet4/bmaneech3/vlm_robustness/tmp/datasets/vqavs/test/OOD-Test/QT+KW/test_annotations.json
Using downloaded and verified file: /coc/pskynet4/bmaneech3/vlm_robustness/tmp/datasets/vqavs/test/OOD-Test/QT+KW+KO/combined_data.json
Using downloaded and verified file: /coc/pskynet6/chuang475/.cache/lavis/coco/annotations/answer_list.json
Using downloaded and verified file: /coc/pskynet4/bmaneech3/vlm_robustness/tmp/datasets/vqavs/test/OOD-Test/QT+KW+KO/test_questions.json
Using downloaded and verified file: /coc/pskynet4/bmaneech3/vlm_robustness/tmp/datasets/vqavs/test/OOD-Test/QT+KW+KO/test_annotations.json
['alpro_video_eval', 'alpro_video_train', 'beats_audio', 'blip2_image_train', 'blip_caption', 'blip_diffusion_inp_image_eval', 'blip_diffusion_inp_image_train', 'blip_diffusion_tgt_image_train', 'blip_image_eval', 'blip_image_train', 'blip_instruction', 'blip_question', 'clip_image_eval', 'clip_image_train', 'gpt_dialogue', 'gpt_video_ft', 'ulip_pc']
Using downloaded and verified file: /coc/pskynet4/bmaneech3/vlm_robustness/tmp/datasets/vqavs/train/combined_data.json
Using downloaded and verified file: /coc/pskynet4/bmaneech3/vlm_robustness/tmp/datasets/vqavs/val/combined_data.json
Using downloaded and verified file: /coc/pskynet6/chuang475/.cache/lavis/coco/annotations/answer_list.json
Using downloaded and verified file: /coc/pskynet4/bmaneech3/vlm_robustness/tmp/datasets/vqavs/val/val_questions.json
Using downloaded and verified file: /coc/pskynet4/bmaneech3/vlm_robustness/tmp/datasets/vqavs/val/val_annotations.json
Using downloaded and verified file: /coc/pskynet4/bmaneech3/vlm_robustness/tmp/datasets/vqavs/test/combined_data.json
Using downloaded and verified file: /coc/pskynet6/chuang475/.cache/lavis/coco/annotations/answer_list.json
Using downloaded and verified file: /coc/pskynet4/bmaneech3/vlm_robustness/tmp/datasets/vqavs/test/test_questions.json
Using downloaded and verified file: /coc/pskynet4/bmaneech3/vlm_robustness/tmp/datasets/vqavs/test/test_annotations.json
Using downloaded and verified file: /coc/pskynet4/bmaneech3/vlm_robustness/tmp/datasets/vqavs/test/OOD-Test/KO/combined_data.json
Using downloaded and verified file: /coc/pskynet6/chuang475/.cache/lavis/coco/annotations/answer_list.json
Using downloaded and verified file: /coc/pskynet4/bmaneech3/vlm_robustness/tmp/datasets/vqavs/test/OOD-Test/KO/test_questions.json
Using downloaded and verified file: /coc/pskynet4/bmaneech3/vlm_robustness/tmp/datasets/vqavs/test/OOD-Test/KO/test_annotations.json
Using downloaded and verified file: /coc/pskynet4/bmaneech3/vlm_robustness/tmp/datasets/vqavs/test/OOD-Test/KOP/combined_data.json
Using downloaded and verified file: /coc/pskynet6/chuang475/.cache/lavis/coco/annotations/answer_list.json
Using downloaded and verified file: /coc/pskynet4/bmaneech3/vlm_robustness/tmp/datasets/vqavs/test/OOD-Test/KOP/test_questions.json
Using downloaded and verified file: /coc/pskynet4/bmaneech3/vlm_robustness/tmp/datasets/vqavs/test/OOD-Test/KOP/test_annotations.json
Using downloaded and verified file: /coc/pskynet4/bmaneech3/vlm_robustness/tmp/datasets/vqavs/test/OOD-Test/KW/combined_data.json
Using downloaded and verified file: /coc/pskynet6/chuang475/.cache/lavis/coco/annotations/answer_list.json
Using downloaded and verified file: /coc/pskynet4/bmaneech3/vlm_robustness/tmp/datasets/vqavs/test/OOD-Test/KW/test_questions.json
Using downloaded and verified file: /coc/pskynet4/bmaneech3/vlm_robustness/tmp/datasets/vqavs/test/OOD-Test/KW/test_annotations.json
Using downloaded and verified file: /coc/pskynet4/bmaneech3/vlm_robustness/tmp/datasets/vqavs/test/OOD-Test/KW+KO/combined_data.json
Using downloaded and verified file: /coc/pskynet6/chuang475/.cache/lavis/coco/annotations/answer_list.json
Using downloaded and verified file: /coc/pskynet4/bmaneech3/vlm_robustness/tmp/datasets/vqavs/test/OOD-Test/KW+KO/test_questions.json
Using downloaded and verified file: /coc/pskynet4/bmaneech3/vlm_robustness/tmp/datasets/vqavs/test/OOD-Test/KW+KO/test_annotations.json
Using downloaded and verified file: /coc/pskynet4/bmaneech3/vlm_robustness/tmp/datasets/vqavs/test/OOD-Test/KWP/combined_data.json
Using downloaded and verified file: /coc/pskynet6/chuang475/.cache/lavis/coco/annotations/answer_list.json
Using downloaded and verified file: /coc/pskynet4/bmaneech3/vlm_robustness/tmp/datasets/vqavs/test/OOD-Test/KWP/test_questions.json
Using downloaded and verified file: /coc/pskynet4/bmaneech3/vlm_robustness/tmp/datasets/vqavs/test/OOD-Test/KWP/test_annotations.json
Using downloaded and verified file: /coc/pskynet4/bmaneech3/vlm_robustness/tmp/datasets/vqavs/test/OOD-Test/QT/combined_data.json
Using downloaded and verified file: /coc/pskynet6/chuang475/.cache/lavis/coco/annotations/answer_list.json
Using downloaded and verified file: /coc/pskynet4/bmaneech3/vlm_robustness/tmp/datasets/vqavs/test/OOD-Test/QT/test_questions.json
Using downloaded and verified file: /coc/pskynet4/bmaneech3/vlm_robustness/tmp/datasets/vqavs/test/OOD-Test/QT/test_annotations.json
Using downloaded and verified file: /coc/pskynet4/bmaneech3/vlm_robustness/tmp/datasets/vqavs/test/OOD-Test/QT+KO/combined_data.json
Using downloaded and verified file: /coc/pskynet6/chuang475/.cache/lavis/coco/annotations/answer_list.json
Using downloaded and verified file: /coc/pskynet4/bmaneech3/vlm_robustness/tmp/datasets/vqavs/test/OOD-Test/QT+KO/test_questions.json
Using downloaded and verified file: /coc/pskynet4/bmaneech3/vlm_robustness/tmp/datasets/vqavs/test/OOD-Test/QT+KO/test_annotations.json
Using downloaded and verified file: /coc/pskynet4/bmaneech3/vlm_robustness/tmp/datasets/vqavs/test/OOD-Test/QT+KW/combined_data.json
Using downloaded and verified file: /coc/pskynet6/chuang475/.cache/lavis/coco/annotations/answer_list.json
Using downloaded and verified file: /coc/pskynet4/bmaneech3/vlm_robustness/tmp/datasets/vqavs/test/OOD-Test/QT+KW/test_questions.json
Using downloaded and verified file: /coc/pskynet4/bmaneech3/vlm_robustness/tmp/datasets/vqavs/test/OOD-Test/QT+KW/test_annotations.json
Using downloaded and verified file: /coc/pskynet4/bmaneech3/vlm_robustness/tmp/datasets/vqavs/test/OOD-Test/QT+KW+KO/combined_data.json
Using downloaded and verified file: /coc/pskynet6/chuang475/.cache/lavis/coco/annotations/answer_list.json
Using downloaded and verified file: /coc/pskynet4/bmaneech3/vlm_robustness/tmp/datasets/vqavs/test/OOD-Test/QT+KW+KO/test_questions.json
Using downloaded and verified file: /coc/pskynet4/bmaneech3/vlm_robustness/tmp/datasets/vqavs/test/OOD-Test/QT+KW+KO/test_annotations.json
dict_keys(['train', 'val', 'test'])
{'answers': ['net', 'netting', 'mesh'], 'multiple_choice_answer': 'net', 'weights': [0.7999999999999999, 0.1, 0.1], 'image_raw': <PIL.Image.Image image mode=RGB size=640x480 at 0x7F64A3D17F10>, 'text_input_raw': 'What is this photo taken looking through?'}
dict_keys(['train', 'val', 'test'])
{'answers': ['net', 'netting', 'mesh'], 'multiple_choice_answer': 'net', 'weights': [0.7999999999999999, 0.1, 0.1], 'image_raw': <PIL.Image.Image image mode=RGB size=640x480 at 0x7F30D71A5F10>, 'text_input_raw': 'What is this photo taken looking through?'}
['alpro_video_eval', 'alpro_video_train', 'beats_audio', 'blip2_image_train', 'blip_caption', 'blip_diffusion_inp_image_eval', 'blip_diffusion_inp_image_train', 'blip_diffusion_tgt_image_train', 'blip_image_eval', 'blip_image_train', 'blip_instruction', 'blip_question', 'clip_image_eval', 'clip_image_train', 'gpt_dialogue', 'gpt_video_ft', 'ulip_pc']
Using downloaded and verified file: /coc/pskynet4/bmaneech3/vlm_robustness/tmp/datasets/vqavs/train/combined_data.json
Using downloaded and verified file: /coc/pskynet4/bmaneech3/vlm_robustness/tmp/datasets/vqavs/val/combined_data.json
Using downloaded and verified file: /coc/pskynet6/chuang475/.cache/lavis/coco/annotations/answer_list.json
Using downloaded and verified file: /coc/pskynet4/bmaneech3/vlm_robustness/tmp/datasets/vqavs/val/val_questions.json
Using downloaded and verified file: /coc/pskynet4/bmaneech3/vlm_robustness/tmp/datasets/vqavs/val/val_annotations.json
Using downloaded and verified file: /coc/pskynet4/bmaneech3/vlm_robustness/tmp/datasets/vqavs/test/combined_data.json
Using downloaded and verified file: /coc/pskynet6/chuang475/.cache/lavis/coco/annotations/answer_list.json
Using downloaded and verified file: /coc/pskynet4/bmaneech3/vlm_robustness/tmp/datasets/vqavs/test/test_questions.json
Using downloaded and verified file: /coc/pskynet4/bmaneech3/vlm_robustness/tmp/datasets/vqavs/test/test_annotations.json
Using downloaded and verified file: /coc/pskynet4/bmaneech3/vlm_robustness/tmp/datasets/vqavs/test/OOD-Test/KO/combined_data.json
Using downloaded and verified file: /coc/pskynet6/chuang475/.cache/lavis/coco/annotations/answer_list.json
Using downloaded and verified file: /coc/pskynet4/bmaneech3/vlm_robustness/tmp/datasets/vqavs/test/OOD-Test/KO/test_questions.json
Using downloaded and verified file: /coc/pskynet4/bmaneech3/vlm_robustness/tmp/datasets/vqavs/test/OOD-Test/KO/test_annotations.json
Using downloaded and verified file: /coc/pskynet4/bmaneech3/vlm_robustness/tmp/datasets/vqavs/test/OOD-Test/KOP/combined_data.json
Using downloaded and verified file: /coc/pskynet6/chuang475/.cache/lavis/coco/annotations/answer_list.json
Using downloaded and verified file: /coc/pskynet4/bmaneech3/vlm_robustness/tmp/datasets/vqavs/test/OOD-Test/KOP/test_questions.json
Using downloaded and verified file: /coc/pskynet4/bmaneech3/vlm_robustness/tmp/datasets/vqavs/test/OOD-Test/KOP/test_annotations.json
Using downloaded and verified file: /coc/pskynet4/bmaneech3/vlm_robustness/tmp/datasets/vqavs/test/OOD-Test/KW/combined_data.json
Using downloaded and verified file: /coc/pskynet6/chuang475/.cache/lavis/coco/annotations/answer_list.json
Using downloaded and verified file: /coc/pskynet4/bmaneech3/vlm_robustness/tmp/datasets/vqavs/test/OOD-Test/KW/test_questions.json
Using downloaded and verified file: /coc/pskynet4/bmaneech3/vlm_robustness/tmp/datasets/vqavs/test/OOD-Test/KW/test_annotations.json
Using downloaded and verified file: /coc/pskynet4/bmaneech3/vlm_robustness/tmp/datasets/vqavs/test/OOD-Test/KW+KO/combined_data.json
Using downloaded and verified file: /coc/pskynet6/chuang475/.cache/lavis/coco/annotations/answer_list.json
Using downloaded and verified file: /coc/pskynet4/bmaneech3/vlm_robustness/tmp/datasets/vqavs/test/OOD-Test/KW+KO/test_questions.json
Using downloaded and verified file: /coc/pskynet4/bmaneech3/vlm_robustness/tmp/datasets/vqavs/test/OOD-Test/KW+KO/test_annotations.json
Using downloaded and verified file: /coc/pskynet4/bmaneech3/vlm_robustness/tmp/datasets/vqavs/test/OOD-Test/KWP/combined_data.json
Using downloaded and verified file: /coc/pskynet6/chuang475/.cache/lavis/coco/annotations/answer_list.json
Using downloaded and verified file: /coc/pskynet4/bmaneech3/vlm_robustness/tmp/datasets/vqavs/test/OOD-Test/KWP/test_questions.json
Using downloaded and verified file: /coc/pskynet4/bmaneech3/vlm_robustness/tmp/datasets/vqavs/test/OOD-Test/KWP/test_annotations.json
Using downloaded and verified file: /coc/pskynet4/bmaneech3/vlm_robustness/tmp/datasets/vqavs/test/OOD-Test/QT/combined_data.json
Using downloaded and verified file: /coc/pskynet6/chuang475/.cache/lavis/coco/annotations/answer_list.json
Using downloaded and verified file: /coc/pskynet4/bmaneech3/vlm_robustness/tmp/datasets/vqavs/test/OOD-Test/QT/test_questions.json
Using downloaded and verified file: /coc/pskynet4/bmaneech3/vlm_robustness/tmp/datasets/vqavs/test/OOD-Test/QT/test_annotations.json
Using downloaded and verified file: /coc/pskynet4/bmaneech3/vlm_robustness/tmp/datasets/vqavs/test/OOD-Test/QT+KO/combined_data.json
Using downloaded and verified file: /coc/pskynet6/chuang475/.cache/lavis/coco/annotations/answer_list.json
Using downloaded and verified file: /coc/pskynet4/bmaneech3/vlm_robustness/tmp/datasets/vqavs/test/OOD-Test/QT+KO/test_questions.json
Using downloaded and verified file: /coc/pskynet4/bmaneech3/vlm_robustness/tmp/datasets/vqavs/test/OOD-Test/QT+KO/test_annotations.json
Using downloaded and verified file: /coc/pskynet4/bmaneech3/vlm_robustness/tmp/datasets/vqavs/test/OOD-Test/QT+KW/combined_data.json
Using downloaded and verified file: /coc/pskynet6/chuang475/.cache/lavis/coco/annotations/answer_list.json
Using downloaded and verified file: /coc/pskynet4/bmaneech3/vlm_robustness/tmp/datasets/vqavs/test/OOD-Test/QT+KW/test_questions.json
Using downloaded and verified file: /coc/pskynet4/bmaneech3/vlm_robustness/tmp/datasets/vqavs/test/OOD-Test/QT+KW/test_annotations.json
Using downloaded and verified file: /coc/pskynet4/bmaneech3/vlm_robustness/tmp/datasets/vqavs/test/OOD-Test/QT+KW+KO/combined_data.json
Using downloaded and verified file: /coc/pskynet6/chuang475/.cache/lavis/coco/annotations/answer_list.json
Using downloaded and verified file: /coc/pskynet4/bmaneech3/vlm_robustness/tmp/datasets/vqavs/test/OOD-Test/QT+KW+KO/test_questions.json
Using downloaded and verified file: /coc/pskynet4/bmaneech3/vlm_robustness/tmp/datasets/vqavs/test/OOD-Test/QT+KW+KO/test_annotations.json
['alpro_video_eval', 'alpro_video_train', 'beats_audio', 'blip2_image_train', 'blip_caption', 'blip_diffusion_inp_image_eval', 'blip_diffusion_inp_image_train', 'blip_diffusion_tgt_image_train', 'blip_image_eval', 'blip_image_train', 'blip_instruction', 'blip_question', 'clip_image_eval', 'clip_image_train', 'gpt_dialogue', 'gpt_video_ft', 'ulip_pc']
Using downloaded and verified file: /coc/pskynet4/bmaneech3/vlm_robustness/tmp/datasets/vqavs/train/combined_data.json
Using downloaded and verified file: /coc/pskynet4/bmaneech3/vlm_robustness/tmp/datasets/vqavs/val/combined_data.json
Using downloaded and verified file: /coc/pskynet6/chuang475/.cache/lavis/coco/annotations/answer_list.json
Using downloaded and verified file: /coc/pskynet4/bmaneech3/vlm_robustness/tmp/datasets/vqavs/val/val_questions.json
Using downloaded and verified file: /coc/pskynet4/bmaneech3/vlm_robustness/tmp/datasets/vqavs/val/val_annotations.json
Using downloaded and verified file: /coc/pskynet4/bmaneech3/vlm_robustness/tmp/datasets/vqavs/test/combined_data.json
Using downloaded and verified file: /coc/pskynet6/chuang475/.cache/lavis/coco/annotations/answer_list.json
Using downloaded and verified file: /coc/pskynet4/bmaneech3/vlm_robustness/tmp/datasets/vqavs/test/test_questions.json
Using downloaded and verified file: /coc/pskynet4/bmaneech3/vlm_robustness/tmp/datasets/vqavs/test/test_annotations.json
Using downloaded and verified file: /coc/pskynet4/bmaneech3/vlm_robustness/tmp/datasets/vqavs/test/OOD-Test/KO/combined_data.json
Using downloaded and verified file: /coc/pskynet6/chuang475/.cache/lavis/coco/annotations/answer_list.json
Using downloaded and verified file: /coc/pskynet4/bmaneech3/vlm_robustness/tmp/datasets/vqavs/test/OOD-Test/KO/test_questions.json
Using downloaded and verified file: /coc/pskynet4/bmaneech3/vlm_robustness/tmp/datasets/vqavs/test/OOD-Test/KO/test_annotations.json
Using downloaded and verified file: /coc/pskynet4/bmaneech3/vlm_robustness/tmp/datasets/vqavs/test/OOD-Test/KOP/combined_data.json
Using downloaded and verified file: /coc/pskynet6/chuang475/.cache/lavis/coco/annotations/answer_list.json
Using downloaded and verified file: /coc/pskynet4/bmaneech3/vlm_robustness/tmp/datasets/vqavs/test/OOD-Test/KOP/test_questions.json
Using downloaded and verified file: /coc/pskynet4/bmaneech3/vlm_robustness/tmp/datasets/vqavs/test/OOD-Test/KOP/test_annotations.json
Using downloaded and verified file: /coc/pskynet4/bmaneech3/vlm_robustness/tmp/datasets/vqavs/test/OOD-Test/KW/combined_data.json
Using downloaded and verified file: /coc/pskynet6/chuang475/.cache/lavis/coco/annotations/answer_list.json
Using downloaded and verified file: /coc/pskynet4/bmaneech3/vlm_robustness/tmp/datasets/vqavs/test/OOD-Test/KW/test_questions.json
Using downloaded and verified file: /coc/pskynet4/bmaneech3/vlm_robustness/tmp/datasets/vqavs/test/OOD-Test/KW/test_annotations.json
Using downloaded and verified file: /coc/pskynet4/bmaneech3/vlm_robustness/tmp/datasets/vqavs/test/OOD-Test/KW+KO/combined_data.json
Using downloaded and verified file: /coc/pskynet6/chuang475/.cache/lavis/coco/annotations/answer_list.json
Using downloaded and verified file: /coc/pskynet4/bmaneech3/vlm_robustness/tmp/datasets/vqavs/test/OOD-Test/KW+KO/test_questions.json
Using downloaded and verified file: /coc/pskynet4/bmaneech3/vlm_robustness/tmp/datasets/vqavs/test/OOD-Test/KW+KO/test_annotations.json
Using downloaded and verified file: /coc/pskynet4/bmaneech3/vlm_robustness/tmp/datasets/vqavs/test/OOD-Test/KWP/combined_data.json
Using downloaded and verified file: /coc/pskynet6/chuang475/.cache/lavis/coco/annotations/answer_list.json
Using downloaded and verified file: /coc/pskynet4/bmaneech3/vlm_robustness/tmp/datasets/vqavs/test/OOD-Test/KWP/test_questions.json
Using downloaded and verified file: /coc/pskynet4/bmaneech3/vlm_robustness/tmp/datasets/vqavs/test/OOD-Test/KWP/test_annotations.json
Using downloaded and verified file: /coc/pskynet4/bmaneech3/vlm_robustness/tmp/datasets/vqavs/test/OOD-Test/QT/combined_data.json
Using downloaded and verified file: /coc/pskynet6/chuang475/.cache/lavis/coco/annotations/answer_list.json
Using downloaded and verified file: /coc/pskynet4/bmaneech3/vlm_robustness/tmp/datasets/vqavs/test/OOD-Test/QT/test_questions.json
Using downloaded and verified file: /coc/pskynet4/bmaneech3/vlm_robustness/tmp/datasets/vqavs/test/OOD-Test/QT/test_annotations.json
Using downloaded and verified file: /coc/pskynet4/bmaneech3/vlm_robustness/tmp/datasets/vqavs/test/OOD-Test/QT+KO/combined_data.json
Using downloaded and verified file: /coc/pskynet6/chuang475/.cache/lavis/coco/annotations/answer_list.json
Using downloaded and verified file: /coc/pskynet4/bmaneech3/vlm_robustness/tmp/datasets/vqavs/test/OOD-Test/QT+KO/test_questions.json
Using downloaded and verified file: /coc/pskynet4/bmaneech3/vlm_robustness/tmp/datasets/vqavs/test/OOD-Test/QT+KO/test_annotations.json
Using downloaded and verified file: /coc/pskynet4/bmaneech3/vlm_robustness/tmp/datasets/vqavs/test/OOD-Test/QT+KW/combined_data.json
Using downloaded and verified file: /coc/pskynet6/chuang475/.cache/lavis/coco/annotations/answer_list.json
Using downloaded and verified file: /coc/pskynet4/bmaneech3/vlm_robustness/tmp/datasets/vqavs/test/OOD-Test/QT+KW/test_questions.json
Using downloaded and verified file: /coc/pskynet4/bmaneech3/vlm_robustness/tmp/datasets/vqavs/test/OOD-Test/QT+KW/test_annotations.json
Using downloaded and verified file: /coc/pskynet4/bmaneech3/vlm_robustness/tmp/datasets/vqavs/test/OOD-Test/QT+KW+KO/combined_data.json
Using downloaded and verified file: /coc/pskynet6/chuang475/.cache/lavis/coco/annotations/answer_list.json
Using downloaded and verified file: /coc/pskynet4/bmaneech3/vlm_robustness/tmp/datasets/vqavs/test/OOD-Test/QT+KW+KO/test_questions.json
Using downloaded and verified file: /coc/pskynet4/bmaneech3/vlm_robustness/tmp/datasets/vqavs/test/OOD-Test/QT+KW+KO/test_annotations.json
['alpro_video_eval', 'alpro_video_train', 'beats_audio', 'blip2_image_train', 'blip_caption', 'blip_diffusion_inp_image_eval', 'blip_diffusion_inp_image_train', 'blip_diffusion_tgt_image_train', 'blip_image_eval', 'blip_image_train', 'blip_instruction', 'blip_question', 'clip_image_eval', 'clip_image_train', 'gpt_dialogue', 'gpt_video_ft', 'ulip_pc']
Using downloaded and verified file: /coc/pskynet4/bmaneech3/vlm_robustness/tmp/datasets/vqavs/train/combined_data.json
Using downloaded and verified file: /coc/pskynet4/bmaneech3/vlm_robustness/tmp/datasets/vqavs/val/combined_data.json
Using downloaded and verified file: /coc/pskynet6/chuang475/.cache/lavis/coco/annotations/answer_list.json
Using downloaded and verified file: /coc/pskynet4/bmaneech3/vlm_robustness/tmp/datasets/vqavs/val/val_questions.json
Using downloaded and verified file: /coc/pskynet4/bmaneech3/vlm_robustness/tmp/datasets/vqavs/val/val_annotations.json
Using downloaded and verified file: /coc/pskynet4/bmaneech3/vlm_robustness/tmp/datasets/vqavs/test/combined_data.json
Using downloaded and verified file: /coc/pskynet6/chuang475/.cache/lavis/coco/annotations/answer_list.json
Using downloaded and verified file: /coc/pskynet4/bmaneech3/vlm_robustness/tmp/datasets/vqavs/test/test_questions.json
Using downloaded and verified file: /coc/pskynet4/bmaneech3/vlm_robustness/tmp/datasets/vqavs/test/test_annotations.json
Using downloaded and verified file: /coc/pskynet4/bmaneech3/vlm_robustness/tmp/datasets/vqavs/test/OOD-Test/KO/combined_data.json
Using downloaded and verified file: /coc/pskynet6/chuang475/.cache/lavis/coco/annotations/answer_list.json
Using downloaded and verified file: /coc/pskynet4/bmaneech3/vlm_robustness/tmp/datasets/vqavs/test/OOD-Test/KO/test_questions.json
Using downloaded and verified file: /coc/pskynet4/bmaneech3/vlm_robustness/tmp/datasets/vqavs/test/OOD-Test/KO/test_annotations.json
Using downloaded and verified file: /coc/pskynet4/bmaneech3/vlm_robustness/tmp/datasets/vqavs/test/OOD-Test/KOP/combined_data.json
Using downloaded and verified file: /coc/pskynet6/chuang475/.cache/lavis/coco/annotations/answer_list.json
Using downloaded and verified file: /coc/pskynet4/bmaneech3/vlm_robustness/tmp/datasets/vqavs/test/OOD-Test/KOP/test_questions.json
Using downloaded and verified file: /coc/pskynet4/bmaneech3/vlm_robustness/tmp/datasets/vqavs/test/OOD-Test/KOP/test_annotations.json
Using downloaded and verified file: /coc/pskynet4/bmaneech3/vlm_robustness/tmp/datasets/vqavs/test/OOD-Test/KW/combined_data.json
Using downloaded and verified file: /coc/pskynet6/chuang475/.cache/lavis/coco/annotations/answer_list.json
Using downloaded and verified file: /coc/pskynet4/bmaneech3/vlm_robustness/tmp/datasets/vqavs/test/OOD-Test/KW/test_questions.json
Using downloaded and verified file: /coc/pskynet4/bmaneech3/vlm_robustness/tmp/datasets/vqavs/test/OOD-Test/KW/test_annotations.json
Using downloaded and verified file: /coc/pskynet4/bmaneech3/vlm_robustness/tmp/datasets/vqavs/test/OOD-Test/KW+KO/combined_data.json
Using downloaded and verified file: /coc/pskynet6/chuang475/.cache/lavis/coco/annotations/answer_list.json
Using downloaded and verified file: /coc/pskynet4/bmaneech3/vlm_robustness/tmp/datasets/vqavs/test/OOD-Test/KW+KO/test_questions.json
Using downloaded and verified file: /coc/pskynet4/bmaneech3/vlm_robustness/tmp/datasets/vqavs/test/OOD-Test/KW+KO/test_annotations.json
Using downloaded and verified file: /coc/pskynet4/bmaneech3/vlm_robustness/tmp/datasets/vqavs/test/OOD-Test/KWP/combined_data.json
Using downloaded and verified file: /coc/pskynet6/chuang475/.cache/lavis/coco/annotations/answer_list.json
Using downloaded and verified file: /coc/pskynet4/bmaneech3/vlm_robustness/tmp/datasets/vqavs/test/OOD-Test/KWP/test_questions.json
Using downloaded and verified file: /coc/pskynet4/bmaneech3/vlm_robustness/tmp/datasets/vqavs/test/OOD-Test/KWP/test_annotations.json
Using downloaded and verified file: /coc/pskynet4/bmaneech3/vlm_robustness/tmp/datasets/vqavs/test/OOD-Test/QT/combined_data.json
Using downloaded and verified file: /coc/pskynet6/chuang475/.cache/lavis/coco/annotations/answer_list.json
Using downloaded and verified file: /coc/pskynet4/bmaneech3/vlm_robustness/tmp/datasets/vqavs/test/OOD-Test/QT/test_questions.json
Using downloaded and verified file: /coc/pskynet4/bmaneech3/vlm_robustness/tmp/datasets/vqavs/test/OOD-Test/QT/test_annotations.json
Using downloaded and verified file: /coc/pskynet4/bmaneech3/vlm_robustness/tmp/datasets/vqavs/test/OOD-Test/QT+KO/combined_data.json
Using downloaded and verified file: /coc/pskynet6/chuang475/.cache/lavis/coco/annotations/answer_list.json
Using downloaded and verified file: /coc/pskynet4/bmaneech3/vlm_robustness/tmp/datasets/vqavs/test/OOD-Test/QT+KO/test_questions.json
Using downloaded and verified file: /coc/pskynet4/bmaneech3/vlm_robustness/tmp/datasets/vqavs/test/OOD-Test/QT+KO/test_annotations.json
Using downloaded and verified file: /coc/pskynet4/bmaneech3/vlm_robustness/tmp/datasets/vqavs/test/OOD-Test/QT+KW/combined_data.json
Using downloaded and verified file: /coc/pskynet6/chuang475/.cache/lavis/coco/annotations/answer_list.json
Using downloaded and verified file: /coc/pskynet4/bmaneech3/vlm_robustness/tmp/datasets/vqavs/test/OOD-Test/QT+KW/test_questions.json
Using downloaded and verified file: /coc/pskynet4/bmaneech3/vlm_robustness/tmp/datasets/vqavs/test/OOD-Test/QT+KW/test_annotations.json
Using downloaded and verified file: /coc/pskynet4/bmaneech3/vlm_robustness/tmp/datasets/vqavs/test/OOD-Test/QT+KW+KO/combined_data.json
Using downloaded and verified file: /coc/pskynet6/chuang475/.cache/lavis/coco/annotations/answer_list.json
Using downloaded and verified file: /coc/pskynet4/bmaneech3/vlm_robustness/tmp/datasets/vqavs/test/OOD-Test/QT+KW+KO/test_questions.json
Using downloaded and verified file: /coc/pskynet4/bmaneech3/vlm_robustness/tmp/datasets/vqavs/test/OOD-Test/QT+KW+KO/test_annotations.json
dict_keys(['train', 'val', 'test'])
{'answers': ['net', 'netting', 'mesh'], 'multiple_choice_answer': 'net', 'weights': [0.7999999999999999, 0.1, 0.1], 'image_raw': <PIL.Image.Image image mode=RGB size=640x480 at 0x7F91D8A08F10>, 'text_input_raw': 'What is this photo taken looking through?'}
| distributed init (rank 0, world 8): env://
| distributed init (rank 3, world 8): env://
| distributed init (rank 4, world 8): env://
dict_keys(['train', 'val', 'test'])
{'answers': ['net', 'netting', 'mesh'], 'multiple_choice_answer': 'net', 'weights': [0.7999999999999999, 0.1, 0.1], 'image_raw': <PIL.Image.Image image mode=RGB size=640x480 at 0x7FE42B92FF10>, 'text_input_raw': 'What is this photo taken looking through?'}
dict_keys(['train', 'val', 'test'])
{'answers': ['net', 'netting', 'mesh'], 'multiple_choice_answer': 'net', 'weights': [0.7999999999999999, 0.1, 0.1], 'image_raw': <PIL.Image.Image image mode=RGB size=640x480 at 0x7F3FD3181F10>, 'text_input_raw': 'What is this photo taken looking through?'}
| distributed init (rank 6, world 8): env://
dict_keys(['train', 'val', 'test'])
{'answers': ['net', 'netting', 'mesh'], 'multiple_choice_answer': 'net', 'weights': [0.7999999999999999, 0.1, 0.1], 'image_raw': <PIL.Image.Image image mode=RGB size=640x480 at 0x7F164573AF10>, 'text_input_raw': 'What is this photo taken looking through?'}
dict_keys(['train', 'val', 'test'])
{'answers': ['net', 'netting', 'mesh'], 'multiple_choice_answer': 'net', 'weights': [0.7999999999999999, 0.1, 0.1], 'image_raw': <PIL.Image.Image image mode=RGB size=640x480 at 0x7F6A800C1F10>, 'text_input_raw': 'What is this photo taken looking through?'}
dict_keys(['train', 'val', 'test'])
{'answers': ['net', 'netting', 'mesh'], 'multiple_choice_answer': 'net', 'weights': [0.7999999999999999, 0.1, 0.1], 'image_raw': <PIL.Image.Image image mode=RGB size=640x480 at 0x7F1201A1AF10>, 'text_input_raw': 'What is this photo taken looking through?'}
| distributed init (rank 5, world 8): env://
| distributed init (rank 7, world 8): env://
| distributed init (rank 1, world 8): env://
| distributed init (rank 2, world 8): env://
Using downloaded and verified file: /coc/pskynet6/chuang475/.cache/lavis/coco/annotations/vqa_train.json
Using downloaded and verified file: /coc/pskynet6/chuang475/.cache/lavis/coco/annotations/vqa_val.json
Using downloaded and verified file: /coc/pskynet6/chuang475/.cache/lavis/coco/annotations/vqa_val_eval.json
Using downloaded and verified file: /coc/pskynet6/chuang475/.cache/lavis/coco/annotations/answer_list.json
Using downloaded and verified file: /coc/pskynet6/chuang475/.cache/lavis/coco/annotations/v2_OpenEnded_mscoco_val2014_questions.json
Using downloaded and verified file: /coc/pskynet6/chuang475/.cache/lavis/coco/annotations/v2_mscoco_val2014_annotations.json
Using downloaded and verified file: /coc/pskynet6/chuang475/.cache/lavis/coco/annotations/vqa_test.json
Using downloaded and verified file: /coc/pskynet6/chuang475/.cache/lavis/coco/annotations/answer_list.json
model_id google/paligemma-3b-pt-224
PaliGemmaConfig {
  "_name_or_path": "google/paligemma-3b-pt-224",
  "architectures": [
    "PaliGemmaForConditionalGeneration"
  ],
  "bos_token_id": 2,
  "eos_token_id": 1,
  "hidden_size": 2048,
  "ignore_index": -100,
  "image_token_index": 257152,
  "model_type": "paligemma",
  "pad_token_id": 0,
  "projection_dim": 2048,
  "text_config": {
    "hidden_size": 2048,
    "intermediate_size": 16384,
    "model_type": "gemma",
    "num_attention_heads": 8,
    "num_hidden_layers": 18,
    "num_image_tokens": 256,
    "num_key_value_heads": 1,
    "torch_dtype": "float32",
    "vocab_size": 257216
  },
  "torch_dtype": "bfloat16",
  "transformers_version": "4.44.0",
  "vision_config": {
    "hidden_size": 1152,
    "intermediate_size": 4304,
    "model_type": "siglip_vision_model",
    "num_attention_heads": 16,
    "num_hidden_layers": 27,
    "num_image_tokens": 256,
    "patch_size": 14,
    "projection_dim": 2048,
    "projector_hidden_act": "gelu_fast",
    "vision_use_head": false
  }
}

Use adapter
prev dev cpu
Prepare config
adapter type output_adapter
adapter type output_adapter
adapter type output_adapter
adapter type output_adapter
adapter type output_adapter
adapter type output_adapter
adapter type output_adapter
adapter type output_adapter
adapter type output_adapter
adapter type output_adapter
adapter type output_adapter
adapter type output_adapter
adapter type output_adapter
adapter type output_adapter
adapter type output_adapter
adapter type output_adapter
adapter type output_adapter
adapter type output_adapter
adapter type output_adapter
adapter type output_adapter
adapter type output_adapter
adapter type output_adapter
adapter type output_adapter
adapter type output_adapter
adapter type output_adapter
adapter type output_adapter
adapter type output_adapter
adapter type output_adapter
adapter type output_adapter
adapter type output_adapter
adapter type output_adapter
adapter type output_adapter
adapter type output_adapter
adapter type output_adapter
adapter type output_adapter
adapter type output_adapter
adapter type output_adapter
adapter type output_adapter
adapter type output_adapter
adapter type output_adapter
adapter type output_adapter
adapter type output_adapter
adapter type output_adapter
adapter type output_adapter
adapter type output_adapter
adapter type output_adapter
adapter type output_adapter
adapter type output_adapter
adapter type output_adapter
adapter type output_adapter
adapter type output_adapter
adapter type output_adapter
adapter type output_adapter
adapter type output_adapter
adapter type output_adapter
adapter type output_adapter
adapter type output_adapter
adapter type output_adapter
adapter type output_adapter
adapter type output_adapter
adapter type output_adapter
adapter type output_adapter
adapter type output_adapter
adapter type output_adapter
adapter type output_adapter
adapter type output_adapter
adapter type output_adapter
adapter type output_adapter
adapter type output_adapter
adapter type output_adapter
adapter type output_adapter
adapter type output_adapter
adapter type output_adapter
adapter type output_adapter
adapter type output_adapter
adapter type output_adapter
adapter type output_adapter
adapter type output_adapter
adapter type output_adapter
adapter type output_adapter
adapter type output_adapter
adapter type output_adapter
adapter type output_adapter
adapter type output_adapter
adapter type output_adapter
adapter type output_adapter
adapter type output_adapter
adapter type output_adapter
adapter type output_adapter
adapter type output_adapter
adapter type output_adapter
adapter type output_adapter
adapter type output_adapter
adapter type output_adapter
adapter type output_adapter
adapter type output_adapter
adapter type output_adapter
adapter type output_adapter
adapter type output_adapter
adapter type output_adapter
adapter type output_adapter
adapter type output_adapter
adapter type output_adapter
adapter type output_adapter
adapter type output_adapter
adapter type output_adapter
adapter type output_adapter
adapter type output_adapter
adapter type output_adapter
adapter type output_adapter
adapter type output_adapter
adapter type output_adapter
adapter type output_adapter
adapter type output_adapter
adapter type output_adapter
adapter type output_adapter
adapter type output_adapter
adapter type output_adapter
adapter type output_adapter
adapter type output_adapter
adapter type output_adapter
adapter type output_adapter
adapter type output_adapter
adapter type output_adapter
adapter type output_adapter
adapter type output_adapter
adapter type output_adapter
adapter type output_adapter
adapter type output_adapter
adapter type output_adapter
adapter type output_adapter
adapter type output_adapter
adapter type output_adapter
adapter type output_adapter
adapter type output_adapter
adapter type output_adapter
adapter type output_adapter
adapter type output_adapter
adapter type output_adapter
adapter type output_adapter
adapter type output_adapter
adapter type output_adapter
adapter type output_adapter
adapter type output_adapter
adapter type output_adapter
adapter type output_adapter
adapter type output_adapter
adapter type output_adapter
adapter type output_adapter
adapter type output_adapter
adapter type output_adapter
adapter type output_adapter
adapter type output_adapter
BASE Model BottleneckModel(
  (model): PaliGemma_VQA(
    (model): PaliGemmaForConditionalGeneration(
      (vision_tower): SiglipVisionModel(
        (vision_model): SiglipVisionTransformer(
          (embeddings): SiglipVisionEmbeddings(
            (patch_embedding): Conv2d(3, 1152, kernel_size=(14, 14), stride=(14, 14), padding=valid)
            (position_embedding): Embedding(256, 1152)
          )
          (encoder): SiglipEncoder(
            (layers): ModuleList(
              (0-26): 27 x SiglipEncoderLayer(
                (self_attn): SiglipSdpaAttention(
                  (k_proj): Linear(
                    in_features=1152, out_features=1152, bias=True
                    (adapter_dropout): Dropout(p=0.1, inplace=False)
                    (adapter_down): Linear(in_features=1152, out_features=1024, bias=False)
                    (adapter_up): Linear(in_features=1024, out_features=1152, bias=False)
                    (act_fn): ReLU()
                  )
                  (v_proj): Linear(
                    in_features=1152, out_features=1152, bias=True
                    (adapter_dropout): Dropout(p=0.1, inplace=False)
                    (adapter_down): Linear(in_features=1152, out_features=1024, bias=False)
                    (adapter_up): Linear(in_features=1024, out_features=1152, bias=False)
                    (act_fn): ReLU()
                  )
                  (q_proj): Linear(
                    in_features=1152, out_features=1152, bias=True
                    (adapter_dropout): Dropout(p=0.1, inplace=False)
                    (adapter_down): Linear(in_features=1152, out_features=1024, bias=False)
                    (adapter_up): Linear(in_features=1024, out_features=1152, bias=False)
                    (act_fn): ReLU()
                  )
                  (out_proj): Linear(in_features=1152, out_features=1152, bias=True)
                )
                (layer_norm1): LayerNorm((1152,), eps=1e-06, elementwise_affine=True)
                (mlp): SiglipMLP(
                  (activation_fn): PytorchGELUTanh()
                  (fc1): Linear(in_features=1152, out_features=4304, bias=True)
                  (fc2): Linear(in_features=4304, out_features=1152, bias=True)
                )
                (layer_norm2): LayerNorm((1152,), eps=1e-06, elementwise_affine=True)
              )
            )
          )
          (post_layernorm): LayerNorm((1152,), eps=1e-06, elementwise_affine=True)
        )
      )
      (multi_modal_projector): PaliGemmaMultiModalProjector(
        (linear): Linear(in_features=1152, out_features=2048, bias=True)
      )
      (language_model): GemmaForCausalLM(
        (model): GemmaModel(
          (embed_tokens): Embedding(257216, 2048, padding_idx=0)
          (layers): ModuleList(
            (0-17): 18 x GemmaDecoderLayer(
              (self_attn): GemmaSdpaAttention(
                (q_proj): Linear(
                  in_features=2048, out_features=2048, bias=False
                  (adapter_dropout): Dropout(p=0.1, inplace=False)
                  (adapter_down): Linear(in_features=2048, out_features=1024, bias=False)
                  (adapter_up): Linear(in_features=1024, out_features=2048, bias=False)
                  (act_fn): ReLU()
                )
                (k_proj): Linear(
                  in_features=256, out_features=256, bias=False
                  (adapter_dropout): Dropout(p=0.1, inplace=False)
                  (adapter_down): Linear(in_features=256, out_features=1024, bias=False)
                  (adapter_up): Linear(in_features=1024, out_features=256, bias=False)
                  (act_fn): ReLU()
                )
                (v_proj): Linear(
                  in_features=256, out_features=256, bias=False
                  (adapter_dropout): Dropout(p=0.1, inplace=False)
                  (adapter_down): Linear(in_features=256, out_features=1024, bias=False)
                  (adapter_up): Linear(in_features=1024, out_features=256, bias=False)
                  (act_fn): ReLU()
                )
                (o_proj): Linear(
                  in_features=2048, out_features=2048, bias=False
                  (adapter_dropout): Dropout(p=0.1, inplace=False)
                  (adapter_down): Linear(in_features=2048, out_features=1024, bias=False)
                  (adapter_up): Linear(in_features=1024, out_features=2048, bias=False)
                  (act_fn): ReLU()
                )
                (rotary_emb): GemmaRotaryEmbedding()
              )
              (mlp): GemmaMLP(
                (gate_proj): Linear(in_features=2048, out_features=16384, bias=False)
                (up_proj): Linear(in_features=2048, out_features=16384, bias=False)
                (down_proj): Linear(in_features=16384, out_features=2048, bias=False)
                (act_fn): PytorchGELUTanh()
              )
              (input_layernorm): GemmaRMSNorm((2048,), eps=1e-06)
              (post_attention_layernorm): GemmaRMSNorm((2048,), eps=1e-06)
            )
          )
          (norm): GemmaRMSNorm((2048,), eps=1e-06)
        )
        (lm_head): Linear(in_features=2048, out_features=257216, bias=False)
      )
    )
  )
)
trainable params: 360972288 || all params: 3284438768 || trainable%: 10.990379589868487
PeftModelForCausalLM(
  (base_model): BottleneckModel(
    (model): PaliGemma_VQA(
      (model): PaliGemmaForConditionalGeneration(
        (vision_tower): SiglipVisionModel(
          (vision_model): SiglipVisionTransformer(
            (embeddings): SiglipVisionEmbeddings(
              (patch_embedding): Conv2d(3, 1152, kernel_size=(14, 14), stride=(14, 14), padding=valid)
              (position_embedding): Embedding(256, 1152)
            )
            (encoder): SiglipEncoder(
              (layers): ModuleList(
                (0-26): 27 x SiglipEncoderLayer(
                  (self_attn): SiglipSdpaAttention(
                    (k_proj): Linear(
                      in_features=1152, out_features=1152, bias=True
                      (adapter_dropout): Dropout(p=0.1, inplace=False)
                      (adapter_down): Linear(in_features=1152, out_features=1024, bias=False)
                      (adapter_up): Linear(in_features=1024, out_features=1152, bias=False)
                      (act_fn): ReLU()
                    )
                    (v_proj): Linear(
                      in_features=1152, out_features=1152, bias=True
                      (adapter_dropout): Dropout(p=0.1, inplace=False)
                      (adapter_down): Linear(in_features=1152, out_features=1024, bias=False)
                      (adapter_up): Linear(in_features=1024, out_features=1152, bias=False)
                      (act_fn): ReLU()
                    )
                    (q_proj): Linear(
                      in_features=1152, out_features=1152, bias=True
                      (adapter_dropout): Dropout(p=0.1, inplace=False)
                      (adapter_down): Linear(in_features=1152, out_features=1024, bias=False)
                      (adapter_up): Linear(in_features=1024, out_features=1152, bias=False)
                      (act_fn): ReLU()
                    )
                    (out_proj): Linear(in_features=1152, out_features=1152, bias=True)
                  )
                  (layer_norm1): LayerNorm((1152,), eps=1e-06, elementwise_affine=True)
                  (mlp): SiglipMLP(
                    (activation_fn): PytorchGELUTanh()
                    (fc1): Linear(in_features=1152, out_features=4304, bias=True)
                    (fc2): Linear(in_features=4304, out_features=1152, bias=True)
                  )
                  (layer_norm2): LayerNorm((1152,), eps=1e-06, elementwise_affine=True)
                )
              )
            )
            (post_layernorm): LayerNorm((1152,), eps=1e-06, elementwise_affine=True)
          )
        )
        (multi_modal_projector): PaliGemmaMultiModalProjector(
          (linear): Linear(in_features=1152, out_features=2048, bias=True)
        )
        (language_model): GemmaForCausalLM(
          (model): GemmaModel(
            (embed_tokens): Embedding(257216, 2048, padding_idx=0)
            (layers): ModuleList(
              (0-17): 18 x GemmaDecoderLayer(
                (self_attn): GemmaSdpaAttention(
                  (q_proj): Linear(
                    in_features=2048, out_features=2048, bias=False
                    (adapter_dropout): Dropout(p=0.1, inplace=False)
                    (adapter_down): Linear(in_features=2048, out_features=1024, bias=False)
                    (adapter_up): Linear(in_features=1024, out_features=2048, bias=False)
                    (act_fn): ReLU()
                  )
                  (k_proj): Linear(
                    in_features=256, out_features=256, bias=False
                    (adapter_dropout): Dropout(p=0.1, inplace=False)
                    (adapter_down): Linear(in_features=256, out_features=1024, bias=False)
                    (adapter_up): Linear(in_features=1024, out_features=256, bias=False)
                    (act_fn): ReLU()
                  )
                  (v_proj): Linear(
                    in_features=256, out_features=256, bias=False
                    (adapter_dropout): Dropout(p=0.1, inplace=False)
                    (adapter_down): Linear(in_features=256, out_features=1024, bias=False)
                    (adapter_up): Linear(in_features=1024, out_features=256, bias=False)
                    (act_fn): ReLU()
                  )
                  (o_proj): Linear(
                    in_features=2048, out_features=2048, bias=False
                    (adapter_dropout): Dropout(p=0.1, inplace=False)
                    (adapter_down): Linear(in_features=2048, out_features=1024, bias=False)
                    (adapter_up): Linear(in_features=1024, out_features=2048, bias=False)
                    (act_fn): ReLU()
                  )
                  (rotary_emb): GemmaRotaryEmbedding()
                )
                (mlp): GemmaMLP(
                  (gate_proj): Linear(in_features=2048, out_features=16384, bias=False)
                  (up_proj): Linear(in_features=2048, out_features=16384, bias=False)
                  (down_proj): Linear(in_features=16384, out_features=2048, bias=False)
                  (act_fn): PytorchGELUTanh()
                )
                (input_layernorm): GemmaRMSNorm((2048,), eps=1e-06)
                (post_attention_layernorm): GemmaRMSNorm((2048,), eps=1e-06)
              )
            )
            (norm): GemmaRMSNorm((2048,), eps=1e-06)
          )
          (lm_head): Linear(in_features=2048, out_features=257216, bias=False)
        )
      )
    )
  )
)
Final Model before runner PeftModelForCausalLM(
  (base_model): BottleneckModel(
    (model): PaliGemma_VQA(
      (model): PaliGemmaForConditionalGeneration(
        (vision_tower): SiglipVisionModel(
          (vision_model): SiglipVisionTransformer(
            (embeddings): SiglipVisionEmbeddings(
              (patch_embedding): Conv2d(3, 1152, kernel_size=(14, 14), stride=(14, 14), padding=valid)
              (position_embedding): Embedding(256, 1152)
            )
            (encoder): SiglipEncoder(
              (layers): ModuleList(
                (0-26): 27 x SiglipEncoderLayer(
                  (self_attn): SiglipSdpaAttention(
                    (k_proj): Linear(
                      in_features=1152, out_features=1152, bias=True
                      (adapter_dropout): Dropout(p=0.1, inplace=False)
                      (adapter_down): Linear(in_features=1152, out_features=1024, bias=False)
                      (adapter_up): Linear(in_features=1024, out_features=1152, bias=False)
                      (act_fn): ReLU()
                    )
                    (v_proj): Linear(
                      in_features=1152, out_features=1152, bias=True
                      (adapter_dropout): Dropout(p=0.1, inplace=False)
                      (adapter_down): Linear(in_features=1152, out_features=1024, bias=False)
                      (adapter_up): Linear(in_features=1024, out_features=1152, bias=False)
                      (act_fn): ReLU()
                    )
                    (q_proj): Linear(
                      in_features=1152, out_features=1152, bias=True
                      (adapter_dropout): Dropout(p=0.1, inplace=False)
                      (adapter_down): Linear(in_features=1152, out_features=1024, bias=False)
                      (adapter_up): Linear(in_features=1024, out_features=1152, bias=False)
                      (act_fn): ReLU()
                    )
                    (out_proj): Linear(in_features=1152, out_features=1152, bias=True)
                  )
                  (layer_norm1): LayerNorm((1152,), eps=1e-06, elementwise_affine=True)
                  (mlp): SiglipMLP(
                    (activation_fn): PytorchGELUTanh()
                    (fc1): Linear(in_features=1152, out_features=4304, bias=True)
                    (fc2): Linear(in_features=4304, out_features=1152, bias=True)
                  )
                  (layer_norm2): LayerNorm((1152,), eps=1e-06, elementwise_affine=True)
                )
              )
            )
            (post_layernorm): LayerNorm((1152,), eps=1e-06, elementwise_affine=True)
          )
        )
        (multi_modal_projector): PaliGemmaMultiModalProjector(
          (linear): Linear(in_features=1152, out_features=2048, bias=True)
        )
        (language_model): GemmaForCausalLM(
          (model): GemmaModel(
            (embed_tokens): Embedding(257216, 2048, padding_idx=0)
            (layers): ModuleList(
              (0-17): 18 x GemmaDecoderLayer(
                (self_attn): GemmaSdpaAttention(
                  (q_proj): Linear(
                    in_features=2048, out_features=2048, bias=False
                    (adapter_dropout): Dropout(p=0.1, inplace=False)
                    (adapter_down): Linear(in_features=2048, out_features=1024, bias=False)
                    (adapter_up): Linear(in_features=1024, out_features=2048, bias=False)
                    (act_fn): ReLU()
                  )
                  (k_proj): Linear(
                    in_features=256, out_features=256, bias=False
                    (adapter_dropout): Dropout(p=0.1, inplace=False)
                    (adapter_down): Linear(in_features=256, out_features=1024, bias=False)
                    (adapter_up): Linear(in_features=1024, out_features=256, bias=False)
                    (act_fn): ReLU()
                  )
                  (v_proj): Linear(
                    in_features=256, out_features=256, bias=False
                    (adapter_dropout): Dropout(p=0.1, inplace=False)
                    (adapter_down): Linear(in_features=256, out_features=1024, bias=False)
                    (adapter_up): Linear(in_features=1024, out_features=256, bias=False)
                    (act_fn): ReLU()
                  )
                  (o_proj): Linear(
                    in_features=2048, out_features=2048, bias=False
                    (adapter_dropout): Dropout(p=0.1, inplace=False)
                    (adapter_down): Linear(in_features=2048, out_features=1024, bias=False)
                    (adapter_up): Linear(in_features=1024, out_features=2048, bias=False)
                    (act_fn): ReLU()
                  )
                  (rotary_emb): GemmaRotaryEmbedding()
                )
                (mlp): GemmaMLP(
                  (gate_proj): Linear(in_features=2048, out_features=16384, bias=False)
                  (up_proj): Linear(in_features=2048, out_features=16384, bias=False)
                  (down_proj): Linear(in_features=16384, out_features=2048, bias=False)
                  (act_fn): PytorchGELUTanh()
                )
                (input_layernorm): GemmaRMSNorm((2048,), eps=1e-06)
                (post_attention_layernorm): GemmaRMSNorm((2048,), eps=1e-06)
              )
            )
            (norm): GemmaRMSNorm((2048,), eps=1e-06)
          )
          (lm_head): Linear(in_features=2048, out_features=257216, bias=False)
        )
      )
    )
  )
)
and it's device cuda:0
Device check cuda:0 cuda
DistributedDataParallel(
  (module): PeftModelForCausalLM(
    (base_model): BottleneckModel(
      (model): PaliGemma_VQA(
        (model): PaliGemmaForConditionalGeneration(
          (vision_tower): SiglipVisionModel(
            (vision_model): SiglipVisionTransformer(
              (embeddings): SiglipVisionEmbeddings(
                (patch_embedding): Conv2d(3, 1152, kernel_size=(14, 14), stride=(14, 14), padding=valid)
                (position_embedding): Embedding(256, 1152)
              )
              (encoder): SiglipEncoder(
                (layers): ModuleList(
                  (0-26): 27 x SiglipEncoderLayer(
                    (self_attn): SiglipSdpaAttention(
                      (k_proj): Linear(
                        in_features=1152, out_features=1152, bias=True
                        (adapter_dropout): Dropout(p=0.1, inplace=False)
                        (adapter_down): Linear(in_features=1152, out_features=1024, bias=False)
                        (adapter_up): Linear(in_features=1024, out_features=1152, bias=False)
                        (act_fn): ReLU()
                      )
                      (v_proj): Linear(
                        in_features=1152, out_features=1152, bias=True
                        (adapter_dropout): Dropout(p=0.1, inplace=False)
                        (adapter_down): Linear(in_features=1152, out_features=1024, bias=False)
                        (adapter_up): Linear(in_features=1024, out_features=1152, bias=False)
                        (act_fn): ReLU()
                      )
                      (q_proj): Linear(
                        in_features=1152, out_features=1152, bias=True
                        (adapter_dropout): Dropout(p=0.1, inplace=False)
                        (adapter_down): Linear(in_features=1152, out_features=1024, bias=False)
                        (adapter_up): Linear(in_features=1024, out_features=1152, bias=False)
                        (act_fn): ReLU()
                      )
                      (out_proj): Linear(in_features=1152, out_features=1152, bias=True)
                    )
                    (layer_norm1): LayerNorm((1152,), eps=1e-06, elementwise_affine=True)
                    (mlp): SiglipMLP(
                      (activation_fn): PytorchGELUTanh()
                      (fc1): Linear(in_features=1152, out_features=4304, bias=True)
                      (fc2): Linear(in_features=4304, out_features=1152, bias=True)
                    )
                    (layer_norm2): LayerNorm((1152,), eps=1e-06, elementwise_affine=True)
                  )
                )
              )
              (post_layernorm): LayerNorm((1152,), eps=1e-06, elementwise_affine=True)
            )
          )
          (multi_modal_projector): PaliGemmaMultiModalProjector(
            (linear): Linear(in_features=1152, out_features=2048, bias=True)
          )
          (language_model): GemmaForCausalLM(
            (model): GemmaModel(
              (embed_tokens): Embedding(257216, 2048, padding_idx=0)
              (layers): ModuleList(
                (0-17): 18 x GemmaDecoderLayer(
                  (self_attn): GemmaSdpaAttention(
                    (q_proj): Linear(
                      in_features=2048, out_features=2048, bias=False
                      (adapter_dropout): Dropout(p=0.1, inplace=False)
                      (adapter_down): Linear(in_features=2048, out_features=1024, bias=False)
                      (adapter_up): Linear(in_features=1024, out_features=2048, bias=False)
                      (act_fn): ReLU()
                    )
                    (k_proj): Linear(
                      in_features=256, out_features=256, bias=False
                      (adapter_dropout): Dropout(p=0.1, inplace=False)
                      (adapter_down): Linear(in_features=256, out_features=1024, bias=False)
                      (adapter_up): Linear(in_features=1024, out_features=256, bias=False)
                      (act_fn): ReLU()
                    )
                    (v_proj): Linear(
                      in_features=256, out_features=256, bias=False
                      (adapter_dropout): Dropout(p=0.1, inplace=False)
                      (adapter_down): Linear(in_features=256, out_features=1024, bias=False)
                      (adapter_up): Linear(in_features=1024, out_features=256, bias=False)
                      (act_fn): ReLU()
                    )
                    (o_proj): Linear(
                      in_features=2048, out_features=2048, bias=False
                      (adapter_dropout): Dropout(p=0.1, inplace=False)
                      (adapter_down): Linear(in_features=2048, out_features=1024, bias=False)
                      (adapter_up): Linear(in_features=1024, out_features=2048, bias=False)
                      (act_fn): ReLU()
                    )
                    (rotary_emb): GemmaRotaryEmbedding()
                  )
                  (mlp): GemmaMLP(
                    (gate_proj): Linear(in_features=2048, out_features=16384, bias=False)
                    (up_proj): Linear(in_features=2048, out_features=16384, bias=False)
                    (down_proj): Linear(in_features=16384, out_features=2048, bias=False)
                    (act_fn): PytorchGELUTanh()
                  )
                  (input_layernorm): GemmaRMSNorm((2048,), eps=1e-06)
                  (post_attention_layernorm): GemmaRMSNorm((2048,), eps=1e-06)
                )
              )
              (norm): GemmaRMSNorm((2048,), eps=1e-06)
            )
            (lm_head): Linear(in_features=2048, out_features=257216, bias=False)
          )
        )
      )
    )
  )
)
DistributedDataParallel(
  (module): PeftModelForCausalLM(
    (base_model): BottleneckModel(
      (model): PaliGemma_VQA(
        (model): PaliGemmaForConditionalGeneration(
          (vision_tower): SiglipVisionModel(
            (vision_model): SiglipVisionTransformer(
              (embeddings): SiglipVisionEmbeddings(
                (patch_embedding): Conv2d(3, 1152, kernel_size=(14, 14), stride=(14, 14), padding=valid)
                (position_embedding): Embedding(256, 1152)
              )
              (encoder): SiglipEncoder(
                (layers): ModuleList(
                  (0-26): 27 x SiglipEncoderLayer(
                    (self_attn): SiglipSdpaAttention(
                      (k_proj): Linear(
                        in_features=1152, out_features=1152, bias=True
                        (adapter_dropout): Dropout(p=0.1, inplace=False)
                        (adapter_down): Linear(in_features=1152, out_features=1024, bias=False)
                        (adapter_up): Linear(in_features=1024, out_features=1152, bias=False)
                        (act_fn): ReLU()
                      )
                      (v_proj): Linear(
                        in_features=1152, out_features=1152, bias=True
                        (adapter_dropout): Dropout(p=0.1, inplace=False)
                        (adapter_down): Linear(in_features=1152, out_features=1024, bias=False)
                        (adapter_up): Linear(in_features=1024, out_features=1152, bias=False)
                        (act_fn): ReLU()
                      )
                      (q_proj): Linear(
                        in_features=1152, out_features=1152, bias=True
                        (adapter_dropout): Dropout(p=0.1, inplace=False)
                        (adapter_down): Linear(in_features=1152, out_features=1024, bias=False)
                        (adapter_up): Linear(in_features=1024, out_features=1152, bias=False)
                        (act_fn): ReLU()
                      )
                      (out_proj): Linear(in_features=1152, out_features=1152, bias=True)
                    )
                    (layer_norm1): LayerNorm((1152,), eps=1e-06, elementwise_affine=True)
                    (mlp): SiglipMLP(
                      (activation_fn): PytorchGELUTanh()
                      (fc1): Linear(in_features=1152, out_features=4304, bias=True)
                      (fc2): Linear(in_features=4304, out_features=1152, bias=True)
                    )
                    (layer_norm2): LayerNorm((1152,), eps=1e-06, elementwise_affine=True)
                  )
                )
              )
              (post_layernorm): LayerNorm((1152,), eps=1e-06, elementwise_affine=True)
            )
          )
          (multi_modal_projector): PaliGemmaMultiModalProjector(
            (linear): Linear(in_features=1152, out_features=2048, bias=True)
          )
          (language_model): GemmaForCausalLM(
            (model): GemmaModel(
              (embed_tokens): Embedding(257216, 2048, padding_idx=0)
              (layers): ModuleList(
                (0-17): 18 x GemmaDecoderLayer(
                  (self_attn): GemmaSdpaAttention(
                    (q_proj): Linear(
                      in_features=2048, out_features=2048, bias=False
                      (adapter_dropout): Dropout(p=0.1, inplace=False)
                      (adapter_down): Linear(in_features=2048, out_features=1024, bias=False)
                      (adapter_up): Linear(in_features=1024, out_features=2048, bias=False)
                      (act_fn): ReLU()
                    )
                    (k_proj): Linear(
                      in_features=256, out_features=256, bias=False
                      (adapter_dropout): Dropout(p=0.1, inplace=False)
                      (adapter_down): Linear(in_features=256, out_features=1024, bias=False)
                      (adapter_up): Linear(in_features=1024, out_features=256, bias=False)
                      (act_fn): ReLU()
                    )
                    (v_proj): Linear(
                      in_features=256, out_features=256, bias=False
                      (adapter_dropout): Dropout(p=0.1, inplace=False)
                      (adapter_down): Linear(in_features=256, out_features=1024, bias=False)
                      (adapter_up): Linear(in_features=1024, out_features=256, bias=False)
                      (act_fn): ReLU()
                    )
                    (o_proj): Linear(
                      in_features=2048, out_features=2048, bias=False
                      (adapter_dropout): Dropout(p=0.1, inplace=False)
                      (adapter_down): Linear(in_features=2048, out_features=1024, bias=False)
                      (adapter_up): Linear(in_features=1024, out_features=2048, bias=False)
                      (act_fn): ReLU()
                    )
                    (rotary_emb): GemmaRotaryEmbedding()
                  )
                  (mlp): GemmaMLP(
                    (gate_proj): Linear(in_features=2048, out_features=16384, bias=False)
                    (up_proj): Linear(in_features=2048, out_features=16384, bias=False)
                    (down_proj): Linear(in_features=16384, out_features=2048, bias=False)
                    (act_fn): PytorchGELUTanh()
                  )
                  (input_layernorm): GemmaRMSNorm((2048,), eps=1e-06)
                  (post_attention_layernorm): GemmaRMSNorm((2048,), eps=1e-06)
                )
              )
              (norm): GemmaRMSNorm((2048,), eps=1e-06)
            )
            (lm_head): Linear(in_features=2048, out_features=257216, bias=False)
          )
        )
      )
    )
  )
)
Device check cuda:0 cuda
DistributedDataParallel(
  (module): PeftModelForCausalLM(
    (base_model): BottleneckModel(
      (model): PaliGemma_VQA(
        (model): PaliGemmaForConditionalGeneration(
          (vision_tower): SiglipVisionModel(
            (vision_model): SiglipVisionTransformer(
              (embeddings): SiglipVisionEmbeddings(
                (patch_embedding): Conv2d(3, 1152, kernel_size=(14, 14), stride=(14, 14), padding=valid)
                (position_embedding): Embedding(256, 1152)
              )
              (encoder): SiglipEncoder(
                (layers): ModuleList(
                  (0-26): 27 x SiglipEncoderLayer(
                    (self_attn): SiglipSdpaAttention(
                      (k_proj): Linear(
                        in_features=1152, out_features=1152, bias=True
                        (adapter_dropout): Dropout(p=0.1, inplace=False)
                        (adapter_down): Linear(in_features=1152, out_features=1024, bias=False)
                        (adapter_up): Linear(in_features=1024, out_features=1152, bias=False)
                        (act_fn): ReLU()
                      )
                      (v_proj): Linear(
                        in_features=1152, out_features=1152, bias=True
                        (adapter_dropout): Dropout(p=0.1, inplace=False)
                        (adapter_down): Linear(in_features=1152, out_features=1024, bias=False)
                        (adapter_up): Linear(in_features=1024, out_features=1152, bias=False)
                        (act_fn): ReLU()
                      )
                      (q_proj): Linear(
                        in_features=1152, out_features=1152, bias=True
                        (adapter_dropout): Dropout(p=0.1, inplace=False)
                        (adapter_down): Linear(in_features=1152, out_features=1024, bias=False)
                        (adapter_up): Linear(in_features=1024, out_features=1152, bias=False)
                        (act_fn): ReLU()
                      )
                      (out_proj): Linear(in_features=1152, out_features=1152, bias=True)
                    )
                    (layer_norm1): LayerNorm((1152,), eps=1e-06, elementwise_affine=True)
                    (mlp): SiglipMLP(
                      (activation_fn): PytorchGELUTanh()
                      (fc1): Linear(in_features=1152, out_features=4304, bias=True)
                      (fc2): Linear(in_features=4304, out_features=1152, bias=True)
                    )
                    (layer_norm2): LayerNorm((1152,), eps=1e-06, elementwise_affine=True)
                  )
                )
              )
              (post_layernorm): LayerNorm((1152,), eps=1e-06, elementwise_affine=True)
            )
          )
          (multi_modal_projector): PaliGemmaMultiModalProjector(
            (linear): Linear(in_features=1152, out_features=2048, bias=True)
          )
          (language_model): GemmaForCausalLM(
            (model): GemmaModel(
              (embed_tokens): Embedding(257216, 2048, padding_idx=0)
              (layers): ModuleList(
                (0-17): 18 x GemmaDecoderLayer(
                  (self_attn): GemmaSdpaAttention(
                    (q_proj): Linear(
                      in_features=2048, out_features=2048, bias=False
                      (adapter_dropout): Dropout(p=0.1, inplace=False)
                      (adapter_down): Linear(in_features=2048, out_features=1024, bias=False)
                      (adapter_up): Linear(in_features=1024, out_features=2048, bias=False)
                      (act_fn): ReLU()
                    )
                    (k_proj): Linear(
                      in_features=256, out_features=256, bias=False
                      (adapter_dropout): Dropout(p=0.1, inplace=False)
                      (adapter_down): Linear(in_features=256, out_features=1024, bias=False)
                      (adapter_up): Linear(in_features=1024, out_features=256, bias=False)
                      (act_fn): ReLU()
                    )
                    (v_proj): Linear(
                      in_features=256, out_features=256, bias=False
                      (adapter_dropout): Dropout(p=0.1, inplace=False)
                      (adapter_down): Linear(in_features=256, out_features=1024, bias=False)
                      (adapter_up): Linear(in_features=1024, out_features=256, bias=False)
                      (act_fn): ReLU()
                    )
                    (o_proj): Linear(
                      in_features=2048, out_features=2048, bias=False
                      (adapter_dropout): Dropout(p=0.1, inplace=False)
                      (adapter_down): Linear(in_features=2048, out_features=1024, bias=False)
                      (adapter_up): Linear(in_features=1024, out_features=2048, bias=False)
                      (act_fn): ReLU()
                    )
                    (rotary_emb): GemmaRotaryEmbedding()
                  )
                  (mlp): GemmaMLP(
                    (gate_proj): Linear(in_features=2048, out_features=16384, bias=False)
                    (up_proj): Linear(in_features=2048, out_features=16384, bias=False)
                    (down_proj): Linear(in_features=16384, out_features=2048, bias=False)
                    (act_fn): PytorchGELUTanh()
                  )
                  (input_layernorm): GemmaRMSNorm((2048,), eps=1e-06)
                  (post_attention_layernorm): GemmaRMSNorm((2048,), eps=1e-06)
                )
              )
              (norm): GemmaRMSNorm((2048,), eps=1e-06)
            )
            (lm_head): Linear(in_features=2048, out_features=257216, bias=False)
          )
        )
      )
    )
  )
)
Device check cuda:0 cuda
DistributedDataParallel(
  (module): PeftModelForCausalLM(
    (base_model): BottleneckModel(
      (model): PaliGemma_VQA(
        (model): PaliGemmaForConditionalGeneration(
          (vision_tower): SiglipVisionModel(
            (vision_model): SiglipVisionTransformer(
              (embeddings): SiglipVisionEmbeddings(
                (patch_embedding): Conv2d(3, 1152, kernel_size=(14, 14), stride=(14, 14), padding=valid)
                (position_embedding): Embedding(256, 1152)
              )
              (encoder): SiglipEncoder(
                (layers): ModuleList(
                  (0-26): 27 x SiglipEncoderLayer(
                    (self_attn): SiglipSdpaAttention(
                      (k_proj): Linear(
                        in_features=1152, out_features=1152, bias=True
                        (adapter_dropout): Dropout(p=0.1, inplace=False)
                        (adapter_down): Linear(in_features=1152, out_features=1024, bias=False)
                        (adapter_up): Linear(in_features=1024, out_features=1152, bias=False)
                        (act_fn): ReLU()
                      )
                      (v_proj): Linear(
                        in_features=1152, out_features=1152, bias=True
                        (adapter_dropout): Dropout(p=0.1, inplace=False)
                        (adapter_down): Linear(in_features=1152, out_features=1024, bias=False)
                        (adapter_up): Linear(in_features=1024, out_features=1152, bias=False)
                        (act_fn): ReLU()
                      )
                      (q_proj): Linear(
                        in_features=1152, out_features=1152, bias=True
                        (adapter_dropout): Dropout(p=0.1, inplace=False)
                        (adapter_down): Linear(in_features=1152, out_features=1024, bias=False)
                        (adapter_up): Linear(in_features=1024, out_features=1152, bias=False)
                        (act_fn): ReLU()
                      )
                      (out_proj): Linear(in_features=1152, out_features=1152, bias=True)
                    )
                    (layer_norm1): LayerNorm((1152,), eps=1e-06, elementwise_affine=True)
                    (mlp): SiglipMLP(
                      (activation_fn): PytorchGELUTanh()
                      (fc1): Linear(in_features=1152, out_features=4304, bias=True)
                      (fc2): Linear(in_features=4304, out_features=1152, bias=True)
                    )
                    (layer_norm2): LayerNorm((1152,), eps=1e-06, elementwise_affine=True)
                  )
                )
              )
              (post_layernorm): LayerNorm((1152,), eps=1e-06, elementwise_affine=True)
            )
          )
          (multi_modal_projector): PaliGemmaMultiModalProjector(
            (linear): Linear(in_features=1152, out_features=2048, bias=True)
          )
          (language_model): GemmaForCausalLM(
            (model): GemmaModel(
              (embed_tokens): Embedding(257216, 2048, padding_idx=0)
              (layers): ModuleList(
                (0-17): 18 x GemmaDecoderLayer(
                  (self_attn): GemmaSdpaAttention(
                    (q_proj): Linear(
                      in_features=2048, out_features=2048, bias=False
                      (adapter_dropout): Dropout(p=0.1, inplace=False)
                      (adapter_down): Linear(in_features=2048, out_features=1024, bias=False)
                      (adapter_up): Linear(in_features=1024, out_features=2048, bias=False)
                      (act_fn): ReLU()
                    )
                    (k_proj): Linear(
                      in_features=256, out_features=256, bias=False
                      (adapter_dropout): Dropout(p=0.1, inplace=False)
                      (adapter_down): Linear(in_features=256, out_features=1024, bias=False)
                      (adapter_up): Linear(in_features=1024, out_features=256, bias=False)
                      (act_fn): ReLU()
                    )
                    (v_proj): Linear(
                      in_features=256, out_features=256, bias=False
                      (adapter_dropout): Dropout(p=0.1, inplace=False)
                      (adapter_down): Linear(in_features=256, out_features=1024, bias=False)
                      (adapter_up): Linear(in_features=1024, out_features=256, bias=False)
                      (act_fn): ReLU()
                    )
                    (o_proj): Linear(
                      in_features=2048, out_features=2048, bias=False
                      (adapter_dropout): Dropout(p=0.1, inplace=False)
                      (adapter_down): Linear(in_features=2048, out_features=1024, bias=False)
                      (adapter_up): Linear(in_features=1024, out_features=2048, bias=False)
                      (act_fn): ReLU()
                    )
                    (rotary_emb): GemmaRotaryEmbedding()
                  )
                  (mlp): GemmaMLP(
                    (gate_proj): Linear(in_features=2048, out_features=16384, bias=False)
                    (up_proj): Linear(in_features=2048, out_features=16384, bias=False)
                    (down_proj): Linear(in_features=16384, out_features=2048, bias=False)
                    (act_fn): PytorchGELUTanh()
                  )
                  (input_layernorm): GemmaRMSNorm((2048,), eps=1e-06)
                  (post_attention_layernorm): GemmaRMSNorm((2048,), eps=1e-06)
                )
              )
              (norm): GemmaRMSNorm((2048,), eps=1e-06)
            )
            (lm_head): Linear(in_features=2048, out_features=257216, bias=False)
          )
        )
      )
    )
  )
)
optimizer:  AdamW (
Parameter Group 0
    amsgrad: False
    betas: (0.9, 0.999)
    capturable: False
    differentiable: False
    eps: 1e-08
    foreach: None
    fused: None
    lr: 1e-05
    maximize: False
    weight_decay: 1e-06
)
Train: data epoch: [0]  [    0/10282]  eta: 14:44:20  lr: 0.000001  loss: 2.7776  time: 5.1605  data: 0.0000  max mem: 23953
Train: data epoch: [0]  [   50/10282]  eta: 6:52:59  lr: 0.000001  loss: 0.7899  time: 2.4557  data: 0.0000  max mem: 28406
